<?xml version="1.0"?>
<!DOCTYPE coverage SYSTEM "http://cobertura.sourceforge.net/xml/coverage-04.dtd">

<coverage line-rate="0.8435432844406098" branch-rate="0.7531285551763367" lines-covered="2933" lines-valid="3477" branches-covered="1324" branches-valid="1758" complexity="2.56" version="2.1.1" timestamp="1429410761723">
	<sources>
		<source>--source</source>
		<source>D:/home/workspace4.4/git_excel-cellformatter/src/main/java</source>
	</sources>
	<packages>
		<package name="com.github.mygreen.cellformatter" line-rate="0.8821917808219178" branch-rate="0.8306976744186046" complexity="2.926829268292683">
			<classes>
				<class name="com.github.mygreen.cellformatter.CellFormatResult" filename="com/github/mygreen/cellformatter/CellFormatResult.java" line-rate="0.7142857142857143" branch-rate="0.0" complexity="1.0">
					<methods>
						<method name="&lt;init&gt;" signature="()V" line-rate="1.0" branch-rate="1.0" complexity="0">
							<lines>
								<line number="16" hits="6250" branch="false"/>
							</lines>
						</method>
						<method name="getCellType" signature="()Lcom/github/mygreen/cellformatter/FormatCellType;" line-rate="1.0" branch-rate="1.0" complexity="0">
							<lines>
								<line number="180" hits="4" branch="false"/>
							</lines>
						</method>
						<method name="getFormatterType" signature="()Lcom/github/mygreen/cellformatter/FormatterType;" line-rate="1.0" branch-rate="1.0" complexity="0">
							<lines>
								<line number="176" hits="2" branch="false"/>
							</lines>
						</method>
						<method name="getSectionPattern" signature="()Ljava/lang/String;" line-rate="1.0" branch-rate="1.0" complexity="0">
							<lines>
								<line number="160" hits="2" branch="false"/>
								<line number="163" hits="2" branch="false"/>
							</lines>
						</method>
						<method name="getText" signature="()Ljava/lang/String;" line-rate="1.0" branch-rate="1.0" complexity="0">
							<lines>
								<line number="144" hits="3090" branch="false"/>
								<line number="147" hits="3160" branch="false"/>
							</lines>
						</method>
						<method name="getTextColor" signature="()Lcom/github/mygreen/cellformatter/lang/MSColor;" line-rate="1.0" branch-rate="1.0" complexity="0">
							<lines>
								<line number="128" hits="2" branch="false"/>
								<line number="131" hits="2" branch="false"/>
							</lines>
						</method>
						<method name="getValue" signature="()Ljava/lang/Object;" line-rate="0.0" branch-rate="1.0" complexity="0">
							<lines>
								<line number="48" hits="0" branch="false"/>
								<line number="61" hits="0" branch="false"/>
							</lines>
						</method>
						<method name="getValueAsDate" signature="()Ljava/util/Date;" line-rate="0.0" branch-rate="1.0" complexity="0">
							<lines>
								<line number="66" hits="0" branch="false"/>
								<line number="79" hits="0" branch="false"/>
							</lines>
						</method>
						<method name="getValueAsDoulbe" signature="()D" line-rate="1.0" branch-rate="1.0" complexity="0">
							<lines>
								<line number="57" hits="2" branch="false"/>
								<line number="70" hits="2" branch="false"/>
							</lines>
						</method>
						<method name="getValueAsString" signature="()Ljava/lang/String;" line-rate="0.0" branch-rate="1.0" complexity="0">
							<lines>
								<line number="75" hits="0" branch="false"/>
								<line number="88" hits="0" branch="false"/>
							</lines>
						</method>
						<method name="isBlank" signature="()Z" line-rate="0.0" branch-rate="0.0" complexity="0">
							<lines>
								<line number="83" hits="0" branch="true" condition-coverage="0% (0/2)">
									<conditions>
										<condition number="0" type="jump" coverage="0%"/>
									</conditions>
								</line>
							</lines>
						</method>
						<method name="isDate" signature="()Z" line-rate="0.0" branch-rate="0.0" complexity="0">
							<lines>
								<line number="91" hits="0" branch="true" condition-coverage="0% (0/2)">
									<conditions>
										<condition number="0" type="jump" coverage="0%"/>
									</conditions>
								</line>
								<line number="96" hits="0" branch="false"/>
							</lines>
						</method>
						<method name="isError" signature="()Z" line-rate="0.0" branch-rate="0.0" complexity="0">
							<lines>
								<line number="115" hits="0" branch="true" condition-coverage="0% (0/2)">
									<conditions>
										<condition number="0" type="jump" coverage="0%"/>
									</conditions>
								</line>
							</lines>
						</method>
						<method name="isNumber" signature="()Z" line-rate="0.0" branch-rate="0.0" complexity="0">
							<lines>
								<line number="99" hits="0" branch="true" condition-coverage="0% (0/2)">
									<conditions>
										<condition number="0" type="jump" coverage="0%"/>
									</conditions>
								</line>
								<line number="104" hits="0" branch="false"/>
							</lines>
						</method>
						<method name="isText" signature="()Z" line-rate="0.0" branch-rate="0.0" complexity="0">
							<lines>
								<line number="107" hits="0" branch="true" condition-coverage="0% (0/2)">
									<conditions>
										<condition number="0" type="jump" coverage="0%"/>
									</conditions>
								</line>
								<line number="112" hits="0" branch="false"/>
							</lines>
						</method>
						<method name="noFormatResult" signature="(Ljava/lang/String;)Lcom/github/mygreen/cellformatter/CellFormatResult;" line-rate="1.0" branch-rate="1.0" complexity="0">
							<lines>
								<line number="50" hits="36" branch="false"/>
								<line number="51" hits="36" branch="false"/>
								<line number="52" hits="36" branch="false"/>
								<line number="53" hits="36" branch="false"/>
							</lines>
						</method>
						<method name="setCellType" signature="(Lcom/github/mygreen/cellformatter/FormatCellType;)V" line-rate="1.0" branch-rate="1.0" complexity="0">
							<lines>
								<line number="188" hits="3160" branch="false"/>
								<line number="189" hits="3160" branch="false"/>
							</lines>
						</method>
						<method name="setFormatterType" signature="(Lcom/github/mygreen/cellformatter/FormatterType;)V" line-rate="1.0" branch-rate="1.0" complexity="0">
							<lines>
								<line number="184" hits="3090" branch="false"/>
								<line number="185" hits="3090" branch="false"/>
							</lines>
						</method>
						<method name="setSectionPattern" signature="(Ljava/lang/String;)V" line-rate="1.0" branch-rate="1.0" complexity="0">
							<lines>
								<line number="168" hits="3054" branch="false"/>
								<line number="169" hits="3054" branch="false"/>
								<line number="171" hits="3106" branch="false"/>
								<line number="172" hits="3106" branch="false"/>
							</lines>
						</method>
						<method name="setText" signature="(Ljava/lang/String;)V" line-rate="1.0" branch-rate="1.0" complexity="0">
							<lines>
								<line number="152" hits="3090" branch="false"/>
								<line number="153" hits="3090" branch="false"/>
								<line number="155" hits="3160" branch="false"/>
								<line number="156" hits="3160" branch="false"/>
							</lines>
						</method>
						<method name="setTextColor" signature="(Lcom/github/mygreen/cellformatter/lang/MSColor;)V" line-rate="1.0" branch-rate="1.0" complexity="0">
							<lines>
								<line number="136" hits="3054" branch="false"/>
								<line number="137" hits="3054" branch="false"/>
								<line number="139" hits="3106" branch="false"/>
								<line number="140" hits="3106" branch="false"/>
							</lines>
						</method>
						<method name="setValue" signature="(Ljava/lang/Object;)V" line-rate="1.0" branch-rate="1.0" complexity="0">
							<lines>
								<line number="120" hits="3054" branch="false"/>
								<line number="121" hits="3054" branch="false"/>
								<line number="123" hits="3142" branch="false"/>
								<line number="124" hits="3142" branch="false"/>
							</lines>
						</method>
					</methods>
					<lines>
						<line number="16" hits="6250" branch="false"/>
						<line number="48" hits="0" branch="false"/>
						<line number="50" hits="36" branch="false"/>
						<line number="51" hits="36" branch="false"/>
						<line number="52" hits="36" branch="false"/>
						<line number="53" hits="36" branch="false"/>
						<line number="57" hits="2" branch="false"/>
						<line number="61" hits="0" branch="false"/>
						<line number="66" hits="0" branch="false"/>
						<line number="70" hits="2" branch="false"/>
						<line number="75" hits="0" branch="false"/>
						<line number="79" hits="0" branch="false"/>
						<line number="83" hits="0" branch="true" condition-coverage="0% (0/2)">
							<conditions>
								<condition number="0" type="jump" coverage="0%"/>
							</conditions>
						</line>
						<line number="88" hits="0" branch="false"/>
						<line number="91" hits="0" branch="true" condition-coverage="0% (0/2)">
							<conditions>
								<condition number="0" type="jump" coverage="0%"/>
							</conditions>
						</line>
						<line number="96" hits="0" branch="false"/>
						<line number="99" hits="0" branch="true" condition-coverage="0% (0/2)">
							<conditions>
								<condition number="0" type="jump" coverage="0%"/>
							</conditions>
						</line>
						<line number="104" hits="0" branch="false"/>
						<line number="107" hits="0" branch="true" condition-coverage="0% (0/2)">
							<conditions>
								<condition number="0" type="jump" coverage="0%"/>
							</conditions>
						</line>
						<line number="112" hits="0" branch="false"/>
						<line number="115" hits="0" branch="true" condition-coverage="0% (0/2)">
							<conditions>
								<condition number="0" type="jump" coverage="0%"/>
							</conditions>
						</line>
						<line number="120" hits="3054" branch="false"/>
						<line number="121" hits="3054" branch="false"/>
						<line number="123" hits="3142" branch="false"/>
						<line number="124" hits="3142" branch="false"/>
						<line number="128" hits="2" branch="false"/>
						<line number="131" hits="2" branch="false"/>
						<line number="136" hits="3054" branch="false"/>
						<line number="137" hits="3054" branch="false"/>
						<line number="139" hits="3106" branch="false"/>
						<line number="140" hits="3106" branch="false"/>
						<line number="144" hits="3090" branch="false"/>
						<line number="147" hits="3160" branch="false"/>
						<line number="152" hits="3090" branch="false"/>
						<line number="153" hits="3090" branch="false"/>
						<line number="155" hits="3160" branch="false"/>
						<line number="156" hits="3160" branch="false"/>
						<line number="160" hits="2" branch="false"/>
						<line number="163" hits="2" branch="false"/>
						<line number="168" hits="3054" branch="false"/>
						<line number="169" hits="3054" branch="false"/>
						<line number="171" hits="3106" branch="false"/>
						<line number="172" hits="3106" branch="false"/>
						<line number="176" hits="2" branch="false"/>
						<line number="180" hits="4" branch="false"/>
						<line number="184" hits="3090" branch="false"/>
						<line number="185" hits="3090" branch="false"/>
						<line number="188" hits="3160" branch="false"/>
						<line number="189" hits="3160" branch="false"/>
					</lines>
				</class>
				<class name="com.github.mygreen.cellformatter.CellFormatter" filename="com/github/mygreen/cellformatter/CellFormatter.java" line-rate="0.75" branch-rate="1.0" complexity="1.0">
					<methods>
						<method name="&lt;init&gt;" signature="()V" line-rate="1.0" branch-rate="1.0" complexity="0">
							<lines>
								<line number="11" hits="16413" branch="false"/>
								<line number="13" hits="6412" branch="false"/>
							</lines>
						</method>
						<method name="format" signature="(Lcom/github/mygreen/cellformatter/CommonCell;)Lcom/github/mygreen/cellformatter/CellFormatResult;" line-rate="1.0" branch-rate="1.0" complexity="0">
							<lines>
								<line number="21" hits="8" branch="false"/>
							</lines>
						</method>
						<method name="format" signature="(Lcom/github/mygreen/cellformatter/CommonCell;)Ljava/lang/String;" line-rate="0.0" branch-rate="1.0" complexity="0">
							<lines>
								<line number="19" hits="0" branch="false"/>
							</lines>
						</method>
					</methods>
					<lines>
						<line number="11" hits="16413" branch="false"/>
						<line number="13" hits="6412" branch="false"/>
						<line number="19" hits="0" branch="false"/>
						<line number="21" hits="8" branch="false"/>
					</lines>
				</class>
				<class name="com.github.mygreen.cellformatter.CommonCell" filename="com/github/mygreen/cellformatter/CommonCell.java" line-rate="1.0" branch-rate="1.0" complexity="1.0">
					<methods>
					</methods>
					<lines>
					</lines>
				</class>
				<class name="com.github.mygreen.cellformatter.ConditionDateFormatter" filename="com/github/mygreen/cellformatter/ConditionDateFormatter.java" line-rate="0.8873239436619719" branch-rate="0.8076923076923077" complexity="1.75">
					<methods>
						<method name="&lt;clinit&gt;" signature="()V" line-rate="1.0" branch-rate="1.0" complexity="0">
							<lines>
								<line number="27" hits="11" branch="false"/>
								<line number="29" hits="4" branch="false"/>
							</lines>
						</method>
						<method name="&lt;init&gt;" signature="(Ljava/lang/String;)V" line-rate="1.0" branch-rate="1.0" complexity="0">
							<lines>
								<line number="32" hits="8173" branch="false"/>
								<line number="34" hits="3182" branch="false"/>
								<line number="35" hits="8173" branch="false"/>
								<line number="36" hits="8173" branch="false"/>
								<line number="37" hits="3182" branch="false"/>
								<line number="38" hits="3182" branch="false"/>
							</lines>
						</method>
						<method name="addAllTerms" signature="(Ljava/util/List;)V" line-rate="0.0" branch-rate="1.0" complexity="0">
							<lines>
								<line number="114" hits="0" branch="false"/>
								<line number="115" hits="0" branch="false"/>
								<line number="118" hits="0" branch="false"/>
								<line number="127" hits="0" branch="false"/>
								<line number="128" hits="0" branch="false"/>
							</lines>
						</method>
						<method name="addTerm" signature="(Lcom/github/mygreen/cellformatter/term/Term;)V" line-rate="1.0" branch-rate="1.0" complexity="0">
							<lines>
								<line number="111" hits="37008" branch="false"/>
								<line number="119" hits="19764" branch="false"/>
								<line number="120" hits="19764" branch="false"/>
							</lines>
						</method>
						<method name="applyFormatCallback" signature="(Ljava/util/Calendar;Ljava/lang/String;)Ljava/lang/String;" line-rate="1.0" branch-rate="1.0" complexity="0">
							<lines>
								<line number="97" hits="120582" branch="true" condition-coverage="100% (2/2)">
									<conditions>
										<condition number="0" type="jump" coverage="100%"/>
									</conditions>
								</line>
								<line number="101" hits="50064" branch="false"/>
								<line number="104" hits="25084" branch="false"/>
								<line number="106" hits="64886" branch="true" condition-coverage="100% (2/2)">
									<conditions>
										<condition number="0" type="jump" coverage="100%"/>
									</conditions>
								</line>
								<line number="107" hits="14718" branch="false"/>
								<line number="110" hits="62092" branch="false"/>
							</lines>
						</method>
						<method name="format" signature="(Lcom/github/mygreen/cellformatter/CommonCell;Ljava/util/Locale;)Lcom/github/mygreen/cellformatter/CellFormatResult;" line-rate="1.0" branch-rate="1.0" complexity="0">
							<lines>
								<line number="71" hits="9808" branch="false"/>
								<line number="73" hits="12259" branch="true" condition-coverage="100% (2/2)">
									<conditions>
										<condition number="0" type="jump" coverage="100%"/>
									</conditions>
								</line>
								<line number="74" hits="3272" branch="false"/>
								<line number="75" hits="22046" branch="true" condition-coverage="100% (2/2)">
									<conditions>
										<condition number="0" type="jump" coverage="100%"/>
									</conditions>
								</line>
								<line number="78" hits="11903" branch="false"/>
								<line number="79" hits="81692" branch="true" condition-coverage="100% (2/2)">
									<conditions>
										<condition number="0" type="jump" coverage="100%"/>
									</conditions>
								</line>
								<line number="81" hits="70906" branch="true" condition-coverage="100% (2/2)">
									<conditions>
										<condition number="0" type="jump" coverage="100%"/>
									</conditions>
								</line>
								<line number="82" hits="36564" branch="false"/>
								<line number="83" hits="15999" branch="false"/>
								<line number="84" hits="61600" branch="false"/>
								<line number="86" hits="25084" branch="false"/>
								<line number="89" hits="9808" branch="false"/>
								<line number="91" hits="22046" branch="false"/>
								<line number="92" hits="3272" branch="false"/>
								<line number="93" hits="22046" branch="true" condition-coverage="100% (2/2)">
									<conditions>
										<condition number="0" type="jump" coverage="100%"/>
									</conditions>
								</line>
								<line number="94" hits="3902" branch="false"/>
								<line number="95" hits="53966" branch="false"/>
								<line number="96" hits="3272" branch="false"/>
								<line number="98" hits="4952" branch="false"/>
							</lines>
						</method>
						<method name="format" signature="(Lcom/github/mygreen/cellformatter/CommonCell;Ljava/util/Locale;)Ljava/lang/String;" line-rate="1.0" branch-rate="1.0" complexity="0">
							<lines>
								<line number="65" hits="2451" branch="false"/>
								<line number="67" hits="2451" branch="false"/>
								<line number="68" hits="2451" branch="false"/>
								<line number="69" hits="8987" branch="false"/>
								<line number="72" hits="8987" branch="false"/>
								<line number="76" hits="16679" branch="false"/>
								<line number="77" hits="63136" branch="true" condition-coverage="100% (2/2)">
									<conditions>
										<condition number="0" type="jump" coverage="100%"/>
									</conditions>
								</line>
								<line number="80" hits="45822" branch="false"/>
								<line number="85" hits="2451" branch="false"/>
								<line number="87" hits="6536" branch="false"/>
							</lines>
						</method>
						<method name="getTerms" signature="()Ljava/util/List;" line-rate="1.0" branch-rate="1.0" complexity="0">
							<lines>
								<line number="122" hits="19431" branch="false"/>
								<line number="126" hits="51816" branch="false"/>
								<line number="135" hits="27672" branch="false"/>
							</lines>
						</method>
						<method name="getType" signature="()Lcom/github/mygreen/cellformatter/FormatterType;" line-rate="1.0" branch-rate="1.0" complexity="0">
							<lines>
								<line number="40" hits="10186" branch="false"/>
								<line number="42" hits="6258" branch="false"/>
							</lines>
						</method>
						<method name="isMatch" signature="(Lcom/github/mygreen/cellformatter/CommonCell;)Z" line-rate="0.8" branch-rate="0.5" complexity="0">
							<lines>
								<line number="51" hits="8987" branch="true" condition-coverage="50% (1/2)">
									<conditions>
										<condition number="0" type="jump" coverage="50%"/>
									</conditions>
								</line>
								<line number="52" hits="2451" branch="false"/>
								<line number="53" hits="5723" branch="true" condition-coverage="50% (1/2)">
									<conditions>
										<condition number="0" type="jump" coverage="50%"/>
									</conditions>
								</line>
								<line number="54" hits="0" branch="false"/>
								<line number="55" hits="8987" branch="true" condition-coverage="50% (1/2)">
									<conditions>
										<condition number="0" type="jump" coverage="50%"/>
									</conditions>
								</line>
								<line number="56" hits="6536" branch="false"/>
								<line number="57" hits="9808" branch="false"/>
								<line number="58" hits="3272" branch="false"/>
								<line number="59" hits="9808" branch="true" condition-coverage="50% (1/2)">
									<conditions>
										<condition number="0" type="jump" coverage="50%"/>
									</conditions>
								</line>
								<line number="60" hits="2451" branch="false"/>
								<line number="61" hits="3272" branch="true" condition-coverage="50% (1/2)">
									<conditions>
										<condition number="0" type="jump" coverage="50%"/>
									</conditions>
								</line>
								<line number="62" hits="0" branch="false"/>
								<line number="63" hits="0" branch="false"/>
								<line number="64" hits="6536" branch="false"/>
								<line number="66" hits="3272" branch="false"/>
							</lines>
						</method>
					</methods>
					<lines>
						<line number="27" hits="11" branch="false"/>
						<line number="29" hits="4" branch="false"/>
						<line number="32" hits="8173" branch="false"/>
						<line number="34" hits="3182" branch="false"/>
						<line number="35" hits="8173" branch="false"/>
						<line number="36" hits="8173" branch="false"/>
						<line number="37" hits="3182" branch="false"/>
						<line number="38" hits="3182" branch="false"/>
						<line number="40" hits="10186" branch="false"/>
						<line number="42" hits="6258" branch="false"/>
						<line number="51" hits="8987" branch="true" condition-coverage="50% (1/2)">
							<conditions>
								<condition number="0" type="jump" coverage="50%"/>
							</conditions>
						</line>
						<line number="52" hits="2451" branch="false"/>
						<line number="53" hits="5723" branch="true" condition-coverage="50% (1/2)">
							<conditions>
								<condition number="0" type="jump" coverage="50%"/>
							</conditions>
						</line>
						<line number="54" hits="0" branch="false"/>
						<line number="55" hits="8987" branch="true" condition-coverage="50% (1/2)">
							<conditions>
								<condition number="0" type="jump" coverage="50%"/>
							</conditions>
						</line>
						<line number="56" hits="6536" branch="false"/>
						<line number="57" hits="9808" branch="false"/>
						<line number="58" hits="3272" branch="false"/>
						<line number="59" hits="9808" branch="true" condition-coverage="50% (1/2)">
							<conditions>
								<condition number="0" type="jump" coverage="50%"/>
							</conditions>
						</line>
						<line number="60" hits="2451" branch="false"/>
						<line number="61" hits="3272" branch="true" condition-coverage="50% (1/2)">
							<conditions>
								<condition number="0" type="jump" coverage="50%"/>
							</conditions>
						</line>
						<line number="62" hits="0" branch="false"/>
						<line number="63" hits="0" branch="false"/>
						<line number="64" hits="6536" branch="false"/>
						<line number="65" hits="2451" branch="false"/>
						<line number="66" hits="3272" branch="false"/>
						<line number="67" hits="2451" branch="false"/>
						<line number="68" hits="2451" branch="false"/>
						<line number="69" hits="8987" branch="false"/>
						<line number="71" hits="9808" branch="false"/>
						<line number="72" hits="8987" branch="false"/>
						<line number="73" hits="12259" branch="true" condition-coverage="100% (2/2)">
							<conditions>
								<condition number="0" type="jump" coverage="100%"/>
							</conditions>
						</line>
						<line number="74" hits="3272" branch="false"/>
						<line number="75" hits="22046" branch="true" condition-coverage="100% (2/2)">
							<conditions>
								<condition number="0" type="jump" coverage="100%"/>
							</conditions>
						</line>
						<line number="76" hits="16679" branch="false"/>
						<line number="77" hits="63136" branch="true" condition-coverage="100% (2/2)">
							<conditions>
								<condition number="0" type="jump" coverage="100%"/>
							</conditions>
						</line>
						<line number="78" hits="11903" branch="false"/>
						<line number="79" hits="81692" branch="true" condition-coverage="100% (2/2)">
							<conditions>
								<condition number="0" type="jump" coverage="100%"/>
							</conditions>
						</line>
						<line number="80" hits="45822" branch="false"/>
						<line number="81" hits="70906" branch="true" condition-coverage="100% (2/2)">
							<conditions>
								<condition number="0" type="jump" coverage="100%"/>
							</conditions>
						</line>
						<line number="82" hits="36564" branch="false"/>
						<line number="83" hits="15999" branch="false"/>
						<line number="84" hits="61600" branch="false"/>
						<line number="85" hits="2451" branch="false"/>
						<line number="86" hits="25084" branch="false"/>
						<line number="87" hits="6536" branch="false"/>
						<line number="89" hits="9808" branch="false"/>
						<line number="91" hits="22046" branch="false"/>
						<line number="92" hits="3272" branch="false"/>
						<line number="93" hits="22046" branch="true" condition-coverage="100% (2/2)">
							<conditions>
								<condition number="0" type="jump" coverage="100%"/>
							</conditions>
						</line>
						<line number="94" hits="3902" branch="false"/>
						<line number="95" hits="53966" branch="false"/>
						<line number="96" hits="3272" branch="false"/>
						<line number="97" hits="120582" branch="true" condition-coverage="100% (2/2)">
							<conditions>
								<condition number="0" type="jump" coverage="100%"/>
							</conditions>
						</line>
						<line number="98" hits="4952" branch="false"/>
						<line number="101" hits="50064" branch="false"/>
						<line number="104" hits="25084" branch="false"/>
						<line number="106" hits="64886" branch="true" condition-coverage="100% (2/2)">
							<conditions>
								<condition number="0" type="jump" coverage="100%"/>
							</conditions>
						</line>
						<line number="107" hits="14718" branch="false"/>
						<line number="110" hits="62092" branch="false"/>
						<line number="111" hits="37008" branch="false"/>
						<line number="114" hits="0" branch="false"/>
						<line number="115" hits="0" branch="false"/>
						<line number="118" hits="0" branch="false"/>
						<line number="119" hits="19764" branch="false"/>
						<line number="120" hits="19764" branch="false"/>
						<line number="122" hits="19431" branch="false"/>
						<line number="126" hits="51816" branch="false"/>
						<line number="127" hits="0" branch="false"/>
						<line number="128" hits="0" branch="false"/>
						<line number="135" hits="27672" branch="false"/>
					</lines>
				</class>
				<class name="com.github.mygreen.cellformatter.ConditionDateFormatterFactory" filename="com/github/mygreen/cellformatter/ConditionDateFormatterFactory.java" line-rate="0.943502824858757" branch-rate="0.8771929824561403" complexity="13.4">
					<methods>
						<method name="&lt;clinit&gt;" signature="()V" line-rate="1.0" branch-rate="1.0" complexity="0">
							<lines>
								<line number="31" hits="15" branch="false"/>
								<line number="36" hits="19" branch="false"/>
								<line number="37" hits="4" branch="false"/>
								<line number="38" hits="4" branch="false"/>
								<line number="39" hits="4" branch="false"/>
								<line number="40" hits="4" branch="false"/>
								<line number="41" hits="4" branch="false"/>
								<line number="42" hits="4" branch="false"/>
								<line number="43" hits="4" branch="false"/>
								<line number="44" hits="4" branch="false"/>
								<line number="45" hits="4" branch="false"/>
								<line number="46" hits="4" branch="false"/>
								<line number="47" hits="4" branch="false"/>
								<line number="48" hits="4" branch="false"/>
								<line number="49" hits="4" branch="false"/>
								<line number="55" hits="19" branch="false"/>
								<line number="56" hits="4" branch="false"/>
								<line number="57" hits="4" branch="false"/>
								<line number="58" hits="4" branch="false"/>
								<line number="59" hits="4" branch="false"/>
								<line number="60" hits="4" branch="false"/>
								<line number="61" hits="4" branch="false"/>
								<line number="62" hits="4" branch="false"/>
								<line number="63" hits="4" branch="false"/>
								<line number="64" hits="4" branch="false"/>
								<line number="65" hits="4" branch="false"/>
								<line number="66" hits="4" branch="false"/>
								<line number="67" hits="4" branch="false"/>
								<line number="68" hits="4" branch="false"/>
								<line number="75" hits="15" branch="false"/>
								<line number="80" hits="15" branch="false"/>
							</lines>
						</method>
						<method name="&lt;init&gt;" signature="()V" line-rate="1.0" branch-rate="1.0" complexity="0">
							<lines>
								<line number="29" hits="416" branch="false"/>
							</lines>
						</method>
						<method name="convertFactor" signature="(Lcom/github/mygreen/cellformatter/tokenizer/Token$Factor;)Ljava/util/List;" line-rate="1.0" branch-rate="1.0" complexity="0">
							<lines>
								<line number="257" hits="25214" branch="false"/>
								<line number="258" hits="25214" branch="false"/>
								<line number="260" hits="25214" branch="false"/>
								<line number="262" hits="25214" branch="false"/>
								<line number="263" hits="25214" branch="false"/>
								<line number="264" hits="81747" branch="true" condition-coverage="100% (2/2)">
									<conditions>
										<condition number="0" type="jump" coverage="100%"/>
									</conditions>
								</line>
								<line number="266" hits="49469" branch="false"/>
								<line number="267" hits="348469" branch="true" condition-coverage="100% (2/2)">
									<conditions>
										<condition number="0" type="jump" coverage="100%"/>
									</conditions>
								</line>
								<line number="268" hits="1056525" branch="true" condition-coverage="100% (2/2)">
									<conditions>
										<condition number="0" type="jump" coverage="100%"/>
									</conditions>
								</line>
								<line number="269" hits="37907" branch="false"/>
								<line number="270" hits="37907" branch="false"/>
								<line number="272" hits="733458" branch="false"/>
								<line number="274" hits="49469" branch="true" condition-coverage="100% (2/2)">
									<conditions>
										<condition number="0" type="jump" coverage="100%"/>
									</conditions>
								</line>
								<line number="276" hits="11562" branch="false"/>
								<line number="277" hits="11562" branch="false"/>
								<line number="278" hits="3224" branch="false"/>
								<line number="279" hits="37907" branch="true" condition-coverage="100% (2/2)">
									<conditions>
										<condition number="0" type="jump" coverage="100%"/>
									</conditions>
								</line>
								<line number="281" hits="11322" branch="false"/>
								<line number="282" hits="11322" branch="false"/>
								<line number="285" hits="37907" branch="false"/>
								<line number="286" hits="37907" branch="false"/>
								<line number="289" hits="35629" branch="false"/>
								<line number="291" hits="25214" branch="true" condition-coverage="100% (2/2)">
									<conditions>
										<condition number="0" type="jump" coverage="100%"/>
									</conditions>
								</line>
								<line number="292" hits="90" branch="false"/>
								<line number="295" hits="25214" branch="false"/>
							</lines>
						</method>
						<method name="convertMinuteTerm" signature="(Lcom/github/mygreen/cellformatter/ConditionDateFormatter;)V" line-rate="1.0" branch-rate="1.0" complexity="0">
							<lines>
								<line number="305" hits="11355" branch="false"/>
								<line number="306" hits="82005" branch="true" condition-coverage="100% (2/2)">
									<conditions>
										<condition number="0" type="jump" coverage="100%"/>
									</conditions>
								</line>
								<line number="307" hits="70650" branch="false"/>
								<line number="308" hits="70650" branch="true" condition-coverage="100% (2/2)">
									<conditions>
										<condition number="0" type="jump" coverage="100%"/>
									</conditions>
								</line>
								<line number="309" hits="58077" branch="false"/>
								<line number="312" hits="12573" branch="true" condition-coverage="100% (2/2)">
									<conditions>
										<condition number="0" type="jump" coverage="100%"/>
									</conditions>
								</line>
								<line number="314" hits="4341" branch="false"/>
								<line number="315" hits="4341" branch="false"/>
								<line number="320" hits="11355" branch="false"/>
							</lines>
						</method>
						<method name="create" signature="(Lcom/github/mygreen/cellformatter/tokenizer/TokenStore;)Lcom/github/mygreen/cellformatter/ConditionDateFormatter;" line-rate="0.88" branch-rate="0.8064516129032258" complexity="0">
							<lines>
								<line number="122" hits="11355" branch="false"/>
								<line number="124" hits="11355" branch="false"/>
								<line number="126" hits="28501" branch="true" condition-coverage="100% (2/2)">
									<conditions>
										<condition number="0" type="jump" coverage="100%"/>
									</conditions>
								</line>
								<line number="128" hits="49890" branch="true" condition-coverage="100% (2/2)">
									<conditions>
										<condition number="0" type="jump" coverage="100%"/>
									</conditions>
								</line>
								<line number="130" hits="4042" branch="false"/>
								<line number="131" hits="4042" branch="false"/>
								<line number="133" hits="4042" branch="true" condition-coverage="100% (2/2)">
									<conditions>
										<condition number="0" type="jump" coverage="100%"/>
									</conditions>
								</line>
								<line number="135" hits="697" branch="true" condition-coverage="100% (2/2)">
									<conditions>
										<condition number="0" type="jump" coverage="100%"/>
									</conditions>
								</line>
								<line number="136" hits="397" branch="false"/>
								<line number="138" hits="320" branch="true" condition-coverage="100% (2/2)">
									<conditions>
										<condition number="0" type="jump" coverage="100%"/>
									</conditions>
								</line>
								<line number="139" hits="150" branch="false"/>
								<line number="141" hits="150" branch="true" condition-coverage="50% (1/2)">
									<conditions>
										<condition number="0" type="jump" coverage="50%"/>
									</conditions>
								</line>
								<line number="142" hits="150" branch="false"/>
								<line number="145" hits="40" branch="false"/>
								<line number="148" hits="3345" branch="false"/>
								<line number="150" hits="3345" branch="true" condition-coverage="50% (1/2)">
									<conditions>
										<condition number="0" type="jump" coverage="50%"/>
									</conditions>
								</line>
								<line number="151" hits="0" branch="false"/>
								<line number="153" hits="2409" branch="true" condition-coverage="100% (2/2)">
									<conditions>
										<condition number="0" type="jump" coverage="100%"/>
									</conditions>
								</line>
								<line number="154" hits="3120" branch="false"/>
								<line number="156" hits="1041" branch="true" condition-coverage="50% (1/2)">
									<conditions>
										<condition number="0" type="jump" coverage="50%"/>
									</conditions>
								</line>
								<line number="157" hits="225" branch="false"/>
								<line number="159" hits="60" branch="true" condition-coverage="0% (0/2)">
									<conditions>
										<condition number="0" type="jump" coverage="0%"/>
									</conditions>
								</line>
								<line number="160" hits="0" branch="false"/>
								<line number="164" hits="2409" branch="true" condition-coverage="100% (2/2)">
									<conditions>
										<condition number="0" type="jump" coverage="100%"/>
									</conditions>
								</line>
								<line number="165" hits="11019" branch="false"/>
								<line number="167" hits="28245" branch="true" condition-coverage="100% (2/2)">
									<conditions>
										<condition number="0" type="jump" coverage="100%"/>
									</conditions>
								</line>
								<line number="168" hits="9615" branch="false"/>
								<line number="170" hits="20802" branch="true" condition-coverage="50% (1/2)">
									<conditions>
										<condition number="0" type="jump" coverage="50%"/>
									</conditions>
								</line>
								<line number="171" hits="0" branch="false"/>
								<line number="173" hits="18150" branch="true" condition-coverage="50% (1/2)">
									<conditions>
										<condition number="0" type="jump" coverage="50%"/>
									</conditions>
								</line>
								<line number="174" hits="0" branch="false"/>
								<line number="176" hits="18150" branch="true" condition-coverage="50% (1/2)">
									<conditions>
										<condition number="0" type="jump" coverage="50%"/>
									</conditions>
								</line>
								<line number="178" hits="25214" branch="false"/>
								<line number="179" hits="46078" branch="true" condition-coverage="100% (2/2)">
									<conditions>
										<condition number="0" type="jump" coverage="100%"/>
									</conditions>
								</line>
								<line number="181" hits="49319" branch="true" condition-coverage="100% (2/2)">
									<conditions>
										<condition number="0" type="jump" coverage="100%"/>
									</conditions>
								</line>
								<line number="182" hits="37907" branch="false"/>
								<line number="184" hits="37907" branch="true" condition-coverage="100% (2/2)">
									<conditions>
										<condition number="0" type="jump" coverage="100%"/>
									</conditions>
								</line>
								<line number="185" hits="1293" branch="false"/>
								<line number="187" hits="26714" branch="true" condition-coverage="100% (2/2)">
									<conditions>
										<condition number="0" type="jump" coverage="100%"/>
									</conditions>
								</line>
								<line number="188" hits="30" branch="false"/>
								<line number="190" hits="26342" branch="true" condition-coverage="100% (2/2)">
									<conditions>
										<condition number="0" type="jump" coverage="100%"/>
									</conditions>
								</line>
								<line number="191" hits="5610" branch="false"/>
								<line number="193" hits="23892" branch="true" condition-coverage="100% (2/2)">
									<conditions>
										<condition number="0" type="jump" coverage="100%"/>
									</conditions>
								</line>
								<line number="194" hits="1588" branch="false"/>
								<line number="196" hits="21608" branch="true" condition-coverage="100% (2/2)">
									<conditions>
										<condition number="0" type="jump" coverage="100%"/>
									</conditions>
								</line>
								<line number="197" hits="1738" branch="false"/>
								<line number="199" hits="20394" branch="true" condition-coverage="100% (2/2)">
									<conditions>
										<condition number="0" type="jump" coverage="100%"/>
									</conditions>
								</line>
								<line number="200" hits="90" branch="false"/>
								<line number="202" hits="19868" branch="true" condition-coverage="100% (2/2)">
									<conditions>
										<condition number="0" type="jump" coverage="100%"/>
									</conditions>
								</line>
								<line number="204" hits="12573" branch="false"/>
								<line number="206" hits="14311" branch="true" condition-coverage="100% (2/2)">
									<conditions>
										<condition number="0" type="jump" coverage="100%"/>
									</conditions>
								</line>
								<line number="207" hits="8112" branch="false"/>
								<line number="209" hits="7243" branch="true" condition-coverage="100% (2/2)">
									<conditions>
										<condition number="0" type="jump" coverage="100%"/>
									</conditions>
								</line>
								<line number="210" hits="330" branch="false"/>
								<line number="212" hits="4807" branch="true" condition-coverage="50% (1/2)">
									<conditions>
										<condition number="0" type="jump" coverage="50%"/>
									</conditions>
								</line>
								<line number="213" hits="0" branch="false"/>
								<line number="215" hits="4719" branch="true" condition-coverage="100% (2/2)">
									<conditions>
										<condition number="0" type="jump" coverage="100%"/>
									</conditions>
								</line>
								<line number="216" hits="3854" branch="false"/>
								<line number="217" hits="3854" branch="false"/>
								<line number="219" hits="3854" branch="true" condition-coverage="100% (2/2)">
									<conditions>
										<condition number="0" type="jump" coverage="100%"/>
									</conditions>
								</line>
								<line number="220" hits="2659" branch="false"/>
								<line number="222" hits="756" branch="true" condition-coverage="50% (1/2)">
									<conditions>
										<condition number="0" type="jump" coverage="50%"/>
									</conditions>
								</line>
								<line number="223" hits="30" branch="false"/>
								<line number="225" hits="8" branch="false"/>
								<line number="227" hits="0" branch="true" condition-coverage="0% (0/2)">
									<conditions>
										<condition number="0" type="jump" coverage="0%"/>
									</conditions>
								</line>
								<line number="228" hits="0" branch="false"/>
								<line number="230" hits="0" branch="false"/>
								<line number="233" hits="27291" branch="false"/>
								<line number="234" hits="11412" branch="false"/>
								<line number="237" hits="35519" branch="false"/>
								<line number="238" hits="25214" branch="false"/>
								<line number="239" hits="0" branch="false"/>
								<line number="241" hits="35409" branch="false"/>
								<line number="244" hits="11355" branch="false"/>
								<line number="246" hits="11355" branch="false"/>
							</lines>
						</method>
						<method name="create" signature="(Lcom/github/mygreen/cellformatter/tokenizer/TokenStore;)Ljava/lang/Object;" line-rate="0.0" branch-rate="1.0" complexity="0">
							<lines>
								<line number="1" hits="0" branch="false"/>
							</lines>
						</method>
						<method name="isDatePattern" signature="(Lcom/github/mygreen/cellformatter/tokenizer/TokenStore;)Z" line-rate="1.0" branch-rate="1.0" complexity="0">
							<lines>
								<line number="89" hits="31374" branch="true" condition-coverage="100% (2/2)">
									<conditions>
										<condition number="0" type="jump" coverage="100%"/>
									</conditions>
								</line>
								<line number="90" hits="132" branch="false"/>
								<line number="93" hits="31242" branch="true" condition-coverage="100% (2/2)">
									<conditions>
										<condition number="0" type="jump" coverage="100%"/>
									</conditions>
								</line>
								<line number="94" hits="11205" branch="false"/>
								<line number="98" hits="41571" branch="true" condition-coverage="100% (2/2)">
									<conditions>
										<condition number="0" type="jump" coverage="100%"/>
									</conditions>
								</line>
								<line number="99" hits="56416" branch="true" condition-coverage="100% (2/2)">
									<conditions>
										<condition number="0" type="jump" coverage="100%"/>
									</conditions>
								</line>
								<line number="100" hits="51885" branch="false"/>
								<line number="103" hits="4531" branch="false"/>
								<line number="104" hits="4531" branch="false"/>
								<line number="105" hits="4531" branch="true" condition-coverage="100% (2/2)">
									<conditions>
										<condition number="0" type="jump" coverage="100%"/>
									</conditions>
								</line>
								<line number="106" hits="150" branch="false"/>
								<line number="109" hits="3157" branch="false"/>
								<line number="111" hits="19887" branch="false"/>
							</lines>
						</method>
						<method name="isMinuteTerm" signature="(ILjava/util/List;)Z" line-rate="1.0" branch-rate="0.9166666666666666" complexity="0">
							<lines>
								<line number="333" hits="12573" branch="false"/>
								<line number="336" hits="12573" branch="true" condition-coverage="100% (2/2)">
									<conditions>
										<condition number="0" type="jump" coverage="100%"/>
									</conditions>
								</line>
								<line number="337" hits="10536" branch="false"/>
								<line number="338" hits="21476" branch="true" condition-coverage="100% (2/2)">
									<conditions>
										<condition number="0" type="jump" coverage="100%"/>
									</conditions>
								</line>
								<line number="339" hits="21476" branch="false"/>
								<line number="340" hits="21476" branch="true" condition-coverage="100% (2/2)">
									<conditions>
										<condition number="0" type="jump" coverage="100%"/>
									</conditions>
								</line>
								<line number="341" hits="10536" branch="false"/>
								<line number="342" hits="10536" branch="false"/>
								<line number="347" hits="10536" branch="true" condition-coverage="50% (1/2)">
									<conditions>
										<condition number="0" type="jump" coverage="50%"/>
									</conditions>
								</line>
								<line number="348" hits="10536" branch="true" condition-coverage="100% (4/4)">
									<conditions>
										<condition number="0" type="jump" coverage="100%"/>
										<condition number="1" type="jump" coverage="100%"/>
									</conditions>
								</line>
								<line number="349" hits="4251" branch="false"/>
								<line number="356" hits="8322" branch="true" condition-coverage="100% (2/2)">
									<conditions>
										<condition number="0" type="jump" coverage="100%"/>
									</conditions>
								</line>
								<line number="357" hits="8112" branch="false"/>
								<line number="358" hits="16224" branch="true" condition-coverage="100% (2/2)">
									<conditions>
										<condition number="0" type="jump" coverage="100%"/>
									</conditions>
								</line>
								<line number="359" hits="15730" branch="false"/>
								<line number="360" hits="15730" branch="true" condition-coverage="100% (2/2)">
									<conditions>
										<condition number="0" type="jump" coverage="100%"/>
									</conditions>
								</line>
								<line number="361" hits="7618" branch="false"/>
								<line number="362" hits="7618" branch="false"/>
								<line number="366" hits="8112" branch="true" condition-coverage="100% (2/2)">
									<conditions>
										<condition number="0" type="jump" coverage="100%"/>
									</conditions>
								</line>
								<line number="367" hits="7618" branch="true" condition-coverage="75% (3/4)">
									<conditions>
										<condition number="0" type="jump" coverage="100%"/>
										<condition number="1" type="jump" coverage="50%"/>
									</conditions>
								</line>
								<line number="368" hits="90" branch="false"/>
								<line number="373" hits="8232" branch="false"/>
							</lines>
						</method>
					</methods>
					<lines>
						<line number="1" hits="0" branch="false"/>
						<line number="29" hits="416" branch="false"/>
						<line number="31" hits="15" branch="false"/>
						<line number="36" hits="19" branch="false"/>
						<line number="37" hits="4" branch="false"/>
						<line number="38" hits="4" branch="false"/>
						<line number="39" hits="4" branch="false"/>
						<line number="40" hits="4" branch="false"/>
						<line number="41" hits="4" branch="false"/>
						<line number="42" hits="4" branch="false"/>
						<line number="43" hits="4" branch="false"/>
						<line number="44" hits="4" branch="false"/>
						<line number="45" hits="4" branch="false"/>
						<line number="46" hits="4" branch="false"/>
						<line number="47" hits="4" branch="false"/>
						<line number="48" hits="4" branch="false"/>
						<line number="49" hits="4" branch="false"/>
						<line number="55" hits="19" branch="false"/>
						<line number="56" hits="4" branch="false"/>
						<line number="57" hits="4" branch="false"/>
						<line number="58" hits="4" branch="false"/>
						<line number="59" hits="4" branch="false"/>
						<line number="60" hits="4" branch="false"/>
						<line number="61" hits="4" branch="false"/>
						<line number="62" hits="4" branch="false"/>
						<line number="63" hits="4" branch="false"/>
						<line number="64" hits="4" branch="false"/>
						<line number="65" hits="4" branch="false"/>
						<line number="66" hits="4" branch="false"/>
						<line number="67" hits="4" branch="false"/>
						<line number="68" hits="4" branch="false"/>
						<line number="75" hits="15" branch="false"/>
						<line number="80" hits="15" branch="false"/>
						<line number="89" hits="31374" branch="true" condition-coverage="100% (2/2)">
							<conditions>
								<condition number="0" type="jump" coverage="100%"/>
							</conditions>
						</line>
						<line number="90" hits="132" branch="false"/>
						<line number="93" hits="31242" branch="true" condition-coverage="100% (2/2)">
							<conditions>
								<condition number="0" type="jump" coverage="100%"/>
							</conditions>
						</line>
						<line number="94" hits="11205" branch="false"/>
						<line number="98" hits="41571" branch="true" condition-coverage="100% (2/2)">
							<conditions>
								<condition number="0" type="jump" coverage="100%"/>
							</conditions>
						</line>
						<line number="99" hits="56416" branch="true" condition-coverage="100% (2/2)">
							<conditions>
								<condition number="0" type="jump" coverage="100%"/>
							</conditions>
						</line>
						<line number="100" hits="51885" branch="false"/>
						<line number="103" hits="4531" branch="false"/>
						<line number="104" hits="4531" branch="false"/>
						<line number="105" hits="4531" branch="true" condition-coverage="100% (2/2)">
							<conditions>
								<condition number="0" type="jump" coverage="100%"/>
							</conditions>
						</line>
						<line number="106" hits="150" branch="false"/>
						<line number="109" hits="3157" branch="false"/>
						<line number="111" hits="19887" branch="false"/>
						<line number="122" hits="11355" branch="false"/>
						<line number="124" hits="11355" branch="false"/>
						<line number="126" hits="28501" branch="true" condition-coverage="100% (2/2)">
							<conditions>
								<condition number="0" type="jump" coverage="100%"/>
							</conditions>
						</line>
						<line number="128" hits="49890" branch="true" condition-coverage="100% (2/2)">
							<conditions>
								<condition number="0" type="jump" coverage="100%"/>
							</conditions>
						</line>
						<line number="130" hits="4042" branch="false"/>
						<line number="131" hits="4042" branch="false"/>
						<line number="133" hits="4042" branch="true" condition-coverage="100% (2/2)">
							<conditions>
								<condition number="0" type="jump" coverage="100%"/>
							</conditions>
						</line>
						<line number="135" hits="697" branch="true" condition-coverage="100% (2/2)">
							<conditions>
								<condition number="0" type="jump" coverage="100%"/>
							</conditions>
						</line>
						<line number="136" hits="397" branch="false"/>
						<line number="138" hits="320" branch="true" condition-coverage="100% (2/2)">
							<conditions>
								<condition number="0" type="jump" coverage="100%"/>
							</conditions>
						</line>
						<line number="139" hits="150" branch="false"/>
						<line number="141" hits="150" branch="true" condition-coverage="50% (1/2)">
							<conditions>
								<condition number="0" type="jump" coverage="50%"/>
							</conditions>
						</line>
						<line number="142" hits="150" branch="false"/>
						<line number="145" hits="40" branch="false"/>
						<line number="148" hits="3345" branch="false"/>
						<line number="150" hits="3345" branch="true" condition-coverage="50% (1/2)">
							<conditions>
								<condition number="0" type="jump" coverage="50%"/>
							</conditions>
						</line>
						<line number="151" hits="0" branch="false"/>
						<line number="153" hits="2409" branch="true" condition-coverage="100% (2/2)">
							<conditions>
								<condition number="0" type="jump" coverage="100%"/>
							</conditions>
						</line>
						<line number="154" hits="3120" branch="false"/>
						<line number="156" hits="1041" branch="true" condition-coverage="50% (1/2)">
							<conditions>
								<condition number="0" type="jump" coverage="50%"/>
							</conditions>
						</line>
						<line number="157" hits="225" branch="false"/>
						<line number="159" hits="60" branch="true" condition-coverage="0% (0/2)">
							<conditions>
								<condition number="0" type="jump" coverage="0%"/>
							</conditions>
						</line>
						<line number="160" hits="0" branch="false"/>
						<line number="164" hits="2409" branch="true" condition-coverage="100% (2/2)">
							<conditions>
								<condition number="0" type="jump" coverage="100%"/>
							</conditions>
						</line>
						<line number="165" hits="11019" branch="false"/>
						<line number="167" hits="28245" branch="true" condition-coverage="100% (2/2)">
							<conditions>
								<condition number="0" type="jump" coverage="100%"/>
							</conditions>
						</line>
						<line number="168" hits="9615" branch="false"/>
						<line number="170" hits="20802" branch="true" condition-coverage="50% (1/2)">
							<conditions>
								<condition number="0" type="jump" coverage="50%"/>
							</conditions>
						</line>
						<line number="171" hits="0" branch="false"/>
						<line number="173" hits="18150" branch="true" condition-coverage="50% (1/2)">
							<conditions>
								<condition number="0" type="jump" coverage="50%"/>
							</conditions>
						</line>
						<line number="174" hits="0" branch="false"/>
						<line number="176" hits="18150" branch="true" condition-coverage="50% (1/2)">
							<conditions>
								<condition number="0" type="jump" coverage="50%"/>
							</conditions>
						</line>
						<line number="178" hits="25214" branch="false"/>
						<line number="179" hits="46078" branch="true" condition-coverage="100% (2/2)">
							<conditions>
								<condition number="0" type="jump" coverage="100%"/>
							</conditions>
						</line>
						<line number="181" hits="49319" branch="true" condition-coverage="100% (2/2)">
							<conditions>
								<condition number="0" type="jump" coverage="100%"/>
							</conditions>
						</line>
						<line number="182" hits="37907" branch="false"/>
						<line number="184" hits="37907" branch="true" condition-coverage="100% (2/2)">
							<conditions>
								<condition number="0" type="jump" coverage="100%"/>
							</conditions>
						</line>
						<line number="185" hits="1293" branch="false"/>
						<line number="187" hits="26714" branch="true" condition-coverage="100% (2/2)">
							<conditions>
								<condition number="0" type="jump" coverage="100%"/>
							</conditions>
						</line>
						<line number="188" hits="30" branch="false"/>
						<line number="190" hits="26342" branch="true" condition-coverage="100% (2/2)">
							<conditions>
								<condition number="0" type="jump" coverage="100%"/>
							</conditions>
						</line>
						<line number="191" hits="5610" branch="false"/>
						<line number="193" hits="23892" branch="true" condition-coverage="100% (2/2)">
							<conditions>
								<condition number="0" type="jump" coverage="100%"/>
							</conditions>
						</line>
						<line number="194" hits="1588" branch="false"/>
						<line number="196" hits="21608" branch="true" condition-coverage="100% (2/2)">
							<conditions>
								<condition number="0" type="jump" coverage="100%"/>
							</conditions>
						</line>
						<line number="197" hits="1738" branch="false"/>
						<line number="199" hits="20394" branch="true" condition-coverage="100% (2/2)">
							<conditions>
								<condition number="0" type="jump" coverage="100%"/>
							</conditions>
						</line>
						<line number="200" hits="90" branch="false"/>
						<line number="202" hits="19868" branch="true" condition-coverage="100% (2/2)">
							<conditions>
								<condition number="0" type="jump" coverage="100%"/>
							</conditions>
						</line>
						<line number="204" hits="12573" branch="false"/>
						<line number="206" hits="14311" branch="true" condition-coverage="100% (2/2)">
							<conditions>
								<condition number="0" type="jump" coverage="100%"/>
							</conditions>
						</line>
						<line number="207" hits="8112" branch="false"/>
						<line number="209" hits="7243" branch="true" condition-coverage="100% (2/2)">
							<conditions>
								<condition number="0" type="jump" coverage="100%"/>
							</conditions>
						</line>
						<line number="210" hits="330" branch="false"/>
						<line number="212" hits="4807" branch="true" condition-coverage="50% (1/2)">
							<conditions>
								<condition number="0" type="jump" coverage="50%"/>
							</conditions>
						</line>
						<line number="213" hits="0" branch="false"/>
						<line number="215" hits="4719" branch="true" condition-coverage="100% (2/2)">
							<conditions>
								<condition number="0" type="jump" coverage="100%"/>
							</conditions>
						</line>
						<line number="216" hits="3854" branch="false"/>
						<line number="217" hits="3854" branch="false"/>
						<line number="219" hits="3854" branch="true" condition-coverage="100% (2/2)">
							<conditions>
								<condition number="0" type="jump" coverage="100%"/>
							</conditions>
						</line>
						<line number="220" hits="2659" branch="false"/>
						<line number="222" hits="756" branch="true" condition-coverage="50% (1/2)">
							<conditions>
								<condition number="0" type="jump" coverage="50%"/>
							</conditions>
						</line>
						<line number="223" hits="30" branch="false"/>
						<line number="225" hits="8" branch="false"/>
						<line number="227" hits="0" branch="true" condition-coverage="0% (0/2)">
							<conditions>
								<condition number="0" type="jump" coverage="0%"/>
							</conditions>
						</line>
						<line number="228" hits="0" branch="false"/>
						<line number="230" hits="0" branch="false"/>
						<line number="233" hits="27291" branch="false"/>
						<line number="234" hits="11412" branch="false"/>
						<line number="237" hits="35519" branch="false"/>
						<line number="238" hits="25214" branch="false"/>
						<line number="239" hits="0" branch="false"/>
						<line number="241" hits="35409" branch="false"/>
						<line number="244" hits="11355" branch="false"/>
						<line number="246" hits="11355" branch="false"/>
						<line number="257" hits="25214" branch="false"/>
						<line number="258" hits="25214" branch="false"/>
						<line number="260" hits="25214" branch="false"/>
						<line number="262" hits="25214" branch="false"/>
						<line number="263" hits="25214" branch="false"/>
						<line number="264" hits="81747" branch="true" condition-coverage="100% (2/2)">
							<conditions>
								<condition number="0" type="jump" coverage="100%"/>
							</conditions>
						</line>
						<line number="266" hits="49469" branch="false"/>
						<line number="267" hits="348469" branch="true" condition-coverage="100% (2/2)">
							<conditions>
								<condition number="0" type="jump" coverage="100%"/>
							</conditions>
						</line>
						<line number="268" hits="1056525" branch="true" condition-coverage="100% (2/2)">
							<conditions>
								<condition number="0" type="jump" coverage="100%"/>
							</conditions>
						</line>
						<line number="269" hits="37907" branch="false"/>
						<line number="270" hits="37907" branch="false"/>
						<line number="272" hits="733458" branch="false"/>
						<line number="274" hits="49469" branch="true" condition-coverage="100% (2/2)">
							<conditions>
								<condition number="0" type="jump" coverage="100%"/>
							</conditions>
						</line>
						<line number="276" hits="11562" branch="false"/>
						<line number="277" hits="11562" branch="false"/>
						<line number="278" hits="3224" branch="false"/>
						<line number="279" hits="37907" branch="true" condition-coverage="100% (2/2)">
							<conditions>
								<condition number="0" type="jump" coverage="100%"/>
							</conditions>
						</line>
						<line number="281" hits="11322" branch="false"/>
						<line number="282" hits="11322" branch="false"/>
						<line number="285" hits="37907" branch="false"/>
						<line number="286" hits="37907" branch="false"/>
						<line number="289" hits="35629" branch="false"/>
						<line number="291" hits="25214" branch="true" condition-coverage="100% (2/2)">
							<conditions>
								<condition number="0" type="jump" coverage="100%"/>
							</conditions>
						</line>
						<line number="292" hits="90" branch="false"/>
						<line number="295" hits="25214" branch="false"/>
						<line number="305" hits="11355" branch="false"/>
						<line number="306" hits="82005" branch="true" condition-coverage="100% (2/2)">
							<conditions>
								<condition number="0" type="jump" coverage="100%"/>
							</conditions>
						</line>
						<line number="307" hits="70650" branch="false"/>
						<line number="308" hits="70650" branch="true" condition-coverage="100% (2/2)">
							<conditions>
								<condition number="0" type="jump" coverage="100%"/>
							</conditions>
						</line>
						<line number="309" hits="58077" branch="false"/>
						<line number="312" hits="12573" branch="true" condition-coverage="100% (2/2)">
							<conditions>
								<condition number="0" type="jump" coverage="100%"/>
							</conditions>
						</line>
						<line number="314" hits="4341" branch="false"/>
						<line number="315" hits="4341" branch="false"/>
						<line number="320" hits="11355" branch="false"/>
						<line number="333" hits="12573" branch="false"/>
						<line number="336" hits="12573" branch="true" condition-coverage="100% (2/2)">
							<conditions>
								<condition number="0" type="jump" coverage="100%"/>
							</conditions>
						</line>
						<line number="337" hits="10536" branch="false"/>
						<line number="338" hits="21476" branch="true" condition-coverage="100% (2/2)">
							<conditions>
								<condition number="0" type="jump" coverage="100%"/>
							</conditions>
						</line>
						<line number="339" hits="21476" branch="false"/>
						<line number="340" hits="21476" branch="true" condition-coverage="100% (2/2)">
							<conditions>
								<condition number="0" type="jump" coverage="100%"/>
							</conditions>
						</line>
						<line number="341" hits="10536" branch="false"/>
						<line number="342" hits="10536" branch="false"/>
						<line number="347" hits="10536" branch="true" condition-coverage="50% (1/2)">
							<conditions>
								<condition number="0" type="jump" coverage="50%"/>
							</conditions>
						</line>
						<line number="348" hits="10536" branch="true" condition-coverage="100% (4/4)">
							<conditions>
								<condition number="0" type="jump" coverage="100%"/>
								<condition number="1" type="jump" coverage="100%"/>
							</conditions>
						</line>
						<line number="349" hits="4251" branch="false"/>
						<line number="356" hits="8322" branch="true" condition-coverage="100% (2/2)">
							<conditions>
								<condition number="0" type="jump" coverage="100%"/>
							</conditions>
						</line>
						<line number="357" hits="8112" branch="false"/>
						<line number="358" hits="16224" branch="true" condition-coverage="100% (2/2)">
							<conditions>
								<condition number="0" type="jump" coverage="100%"/>
							</conditions>
						</line>
						<line number="359" hits="15730" branch="false"/>
						<line number="360" hits="15730" branch="true" condition-coverage="100% (2/2)">
							<conditions>
								<condition number="0" type="jump" coverage="100%"/>
							</conditions>
						</line>
						<line number="361" hits="7618" branch="false"/>
						<line number="362" hits="7618" branch="false"/>
						<line number="366" hits="8112" branch="true" condition-coverage="100% (2/2)">
							<conditions>
								<condition number="0" type="jump" coverage="100%"/>
							</conditions>
						</line>
						<line number="367" hits="7618" branch="true" condition-coverage="75% (3/4)">
							<conditions>
								<condition number="0" type="jump" coverage="100%"/>
								<condition number="1" type="jump" coverage="50%"/>
							</conditions>
						</line>
						<line number="368" hits="90" branch="false"/>
						<line number="373" hits="8232" branch="false"/>
					</lines>
				</class>
				<class name="com.github.mygreen.cellformatter.ConditionFormatter" filename="com/github/mygreen/cellformatter/ConditionFormatter.java" line-rate="0.6666666666666666" branch-rate="0.8333333333333334" complexity="1.0">
					<methods>
						<method name="&lt;init&gt;" signature="(Ljava/lang/String;)V" line-rate="1.0" branch-rate="1.0" complexity="0">
							<lines>
								<line number="36" hits="26167" branch="false"/>
								<line number="37" hits="10254" branch="false"/>
								<line number="39" hits="26167" branch="false"/>
								<line number="40" hits="10254" branch="false"/>
								<line number="41" hits="26167" branch="false"/>
								<line number="42" hits="36421" branch="false"/>
								<line number="43" hits="36421" branch="false"/>
								<line number="44" hits="10254" branch="false"/>
							</lines>
						</method>
						<method name="addAllCondition" signature="(Ljava/util/List;)V" line-rate="0.0" branch-rate="1.0" complexity="0">
							<lines>
								<line number="121" hits="0" branch="false"/>
								<line number="122" hits="0" branch="false"/>
								<line number="123" hits="0" branch="false"/>
							</lines>
						</method>
						<method name="addCallback" signature="(Lcom/github/mygreen/cellformatter/callback/Callback;)V" line-rate="1.0" branch-rate="1.0" complexity="0">
							<lines>
								<line number="184" hits="341" branch="false"/>
								<line number="185" hits="465" branch="false"/>
								<line number="186" hits="124" branch="false"/>
							</lines>
						</method>
						<method name="addCondition" signature="(Ljava/lang/String;)V" line-rate="1.0" branch-rate="1.0" complexity="0">
							<lines>
								<line number="113" hits="5742" branch="false"/>
								<line number="114" hits="7966" branch="false"/>
								<line number="115" hits="2224" branch="false"/>
							</lines>
						</method>
						<method name="addFirstCallcack" signature="(Lcom/github/mygreen/cellformatter/callback/Callback;)V" line-rate="0.0" branch-rate="1.0" complexity="0">
							<lines>
								<line number="192" hits="0" branch="false"/>
								<line number="193" hits="0" branch="false"/>
								<line number="194" hits="0" branch="false"/>
								<line number="195" hits="0" branch="false"/>
								<line number="197" hits="0" branch="false"/>
								<line number="198" hits="0" branch="false"/>
								<line number="199" hits="0" branch="false"/>
								<line number="200" hits="0" branch="false"/>
							</lines>
						</method>
						<method name="format" signature="(Lcom/github/mygreen/cellformatter/CommonCell;)Lcom/github/mygreen/cellformatter/CellFormatResult;" line-rate="0.0" branch-rate="1.0" complexity="0">
							<lines>
								<line number="66" hits="0" branch="false"/>
							</lines>
						</method>
						<method name="format" signature="(Lcom/github/mygreen/cellformatter/CommonCell;)Ljava/lang/String;" line-rate="0.0" branch-rate="1.0" complexity="0">
							<lines>
								<line number="65" hits="0" branch="false"/>
							</lines>
						</method>
						<method name="getCallbacks" signature="()Ljava/util/List;" line-rate="1.0" branch-rate="1.0" complexity="0">
							<lines>
								<line number="206" hits="75931" branch="false"/>
								<line number="207" hits="27668" branch="false"/>
							</lines>
						</method>
						<method name="getColor" signature="()Lcom/github/mygreen/cellformatter/lang/MSColor;" line-rate="0.5" branch-rate="1.0" complexity="0">
							<lines>
								<line number="137" hits="0" branch="false"/>
								<line number="138" hits="6160" branch="false"/>
							</lines>
						</method>
						<method name="getConditions" signature="()Ljava/util/List;" line-rate="0.0" branch-rate="1.0" complexity="0">
							<lines>
								<line number="129" hits="0" branch="false"/>
								<line number="130" hits="0" branch="false"/>
							</lines>
						</method>
						<method name="getLocale" signature="()Lcom/github/mygreen/cellformatter/lang/MSLocale;" line-rate="1.0" branch-rate="1.0" complexity="0">
							<lines>
								<line number="168" hits="111595" branch="false"/>
								<line number="169" hits="40736" branch="false"/>
							</lines>
						</method>
						<method name="getOperator" signature="()Lcom/github/mygreen/cellformatter/ConditionOperator;" line-rate="1.0" branch-rate="1.0" complexity="0">
							<lines>
								<line number="152" hits="50387" branch="false"/>
								<line number="153" hits="18270" branch="false"/>
							</lines>
						</method>
						<method name="getPattern" signature="()Ljava/lang/String;" line-rate="0.5" branch-rate="1.0" complexity="0">
							<lines>
								<line number="105" hits="0" branch="false"/>
								<line number="106" hits="6160" branch="false"/>
							</lines>
						</method>
						<method name="isDateFormatter" signature="()Z" line-rate="1.0" branch-rate="1.0" complexity="0">
							<lines>
								<line number="81" hits="13282" branch="true" condition-coverage="100% (2/2)">
									<conditions>
										<condition number="0" type="jump" coverage="100%"/>
									</conditions>
								</line>
								<line number="82" hits="4950" branch="true" condition-coverage="100% (2/2)">
									<conditions>
										<condition number="0" type="jump" coverage="100%"/>
									</conditions>
								</line>
							</lines>
						</method>
						<method name="isNumberFormatter" signature="()Z" line-rate="1.0" branch-rate="1.0" complexity="0">
							<lines>
								<line number="89" hits="11464" branch="true" condition-coverage="100% (2/2)">
									<conditions>
										<condition number="0" type="jump" coverage="100%"/>
									</conditions>
								</line>
								<line number="90" hits="4412" branch="true" condition-coverage="100% (2/2)">
									<conditions>
										<condition number="0" type="jump" coverage="100%"/>
									</conditions>
								</line>
							</lines>
						</method>
						<method name="isTextFormatter" signature="()Z" line-rate="0.5" branch-rate="0.5" complexity="0">
							<lines>
								<line number="97" hits="0" branch="true" condition-coverage="0% (0/2)">
									<conditions>
										<condition number="0" type="jump" coverage="0%"/>
									</conditions>
								</line>
								<line number="98" hits="2876" branch="true" condition-coverage="100% (2/2)">
									<conditions>
										<condition number="0" type="jump" coverage="100%"/>
									</conditions>
								</line>
							</lines>
						</method>
						<method name="setColor" signature="(Lcom/github/mygreen/cellformatter/lang/MSColor;)V" line-rate="1.0" branch-rate="1.0" complexity="0">
							<lines>
								<line number="144" hits="2552" branch="false"/>
								<line number="145" hits="3548" branch="false"/>
								<line number="146" hits="996" branch="false"/>
							</lines>
						</method>
						<method name="setLocale" signature="(Lcom/github/mygreen/cellformatter/lang/MSLocale;)V" line-rate="1.0" branch-rate="1.0" complexity="0">
							<lines>
								<line number="176" hits="2420" branch="false"/>
								<line number="177" hits="3360" branch="false"/>
								<line number="178" hits="940" branch="false"/>
							</lines>
						</method>
						<method name="setOperator" signature="(Lcom/github/mygreen/cellformatter/ConditionOperator;)V" line-rate="1.0" branch-rate="1.0" complexity="0">
							<lines>
								<line number="160" hits="25274" branch="false"/>
								<line number="161" hits="34116" branch="false"/>
								<line number="162" hits="8842" branch="false"/>
							</lines>
						</method>
					</methods>
					<lines>
						<line number="36" hits="26167" branch="false"/>
						<line number="37" hits="10254" branch="false"/>
						<line number="39" hits="26167" branch="false"/>
						<line number="40" hits="10254" branch="false"/>
						<line number="41" hits="26167" branch="false"/>
						<line number="42" hits="36421" branch="false"/>
						<line number="43" hits="36421" branch="false"/>
						<line number="44" hits="10254" branch="false"/>
						<line number="65" hits="0" branch="false"/>
						<line number="66" hits="0" branch="false"/>
						<line number="81" hits="13282" branch="true" condition-coverage="100% (2/2)">
							<conditions>
								<condition number="0" type="jump" coverage="100%"/>
							</conditions>
						</line>
						<line number="82" hits="4950" branch="true" condition-coverage="100% (2/2)">
							<conditions>
								<condition number="0" type="jump" coverage="100%"/>
							</conditions>
						</line>
						<line number="89" hits="11464" branch="true" condition-coverage="100% (2/2)">
							<conditions>
								<condition number="0" type="jump" coverage="100%"/>
							</conditions>
						</line>
						<line number="90" hits="4412" branch="true" condition-coverage="100% (2/2)">
							<conditions>
								<condition number="0" type="jump" coverage="100%"/>
							</conditions>
						</line>
						<line number="97" hits="0" branch="true" condition-coverage="0% (0/2)">
							<conditions>
								<condition number="0" type="jump" coverage="0%"/>
							</conditions>
						</line>
						<line number="98" hits="2876" branch="true" condition-coverage="100% (2/2)">
							<conditions>
								<condition number="0" type="jump" coverage="100%"/>
							</conditions>
						</line>
						<line number="105" hits="0" branch="false"/>
						<line number="106" hits="6160" branch="false"/>
						<line number="113" hits="5742" branch="false"/>
						<line number="114" hits="7966" branch="false"/>
						<line number="115" hits="2224" branch="false"/>
						<line number="121" hits="0" branch="false"/>
						<line number="122" hits="0" branch="false"/>
						<line number="123" hits="0" branch="false"/>
						<line number="129" hits="0" branch="false"/>
						<line number="130" hits="0" branch="false"/>
						<line number="137" hits="0" branch="false"/>
						<line number="138" hits="6160" branch="false"/>
						<line number="144" hits="2552" branch="false"/>
						<line number="145" hits="3548" branch="false"/>
						<line number="146" hits="996" branch="false"/>
						<line number="152" hits="50387" branch="false"/>
						<line number="153" hits="18270" branch="false"/>
						<line number="160" hits="25274" branch="false"/>
						<line number="161" hits="34116" branch="false"/>
						<line number="162" hits="8842" branch="false"/>
						<line number="168" hits="111595" branch="false"/>
						<line number="169" hits="40736" branch="false"/>
						<line number="176" hits="2420" branch="false"/>
						<line number="177" hits="3360" branch="false"/>
						<line number="178" hits="940" branch="false"/>
						<line number="184" hits="341" branch="false"/>
						<line number="185" hits="465" branch="false"/>
						<line number="186" hits="124" branch="false"/>
						<line number="192" hits="0" branch="false"/>
						<line number="193" hits="0" branch="false"/>
						<line number="194" hits="0" branch="false"/>
						<line number="195" hits="0" branch="false"/>
						<line number="197" hits="0" branch="false"/>
						<line number="198" hits="0" branch="false"/>
						<line number="199" hits="0" branch="false"/>
						<line number="200" hits="0" branch="false"/>
						<line number="206" hits="75931" branch="false"/>
						<line number="207" hits="27668" branch="false"/>
					</lines>
				</class>
				<class name="com.github.mygreen.cellformatter.ConditionFormatterFactory" filename="com/github/mygreen/cellformatter/ConditionFormatterFactory.java" line-rate="0.9154929577464789" branch-rate="0.875" complexity="3.5555555555555554">
					<methods>
						<method name="&lt;clinit&gt;" signature="()V" line-rate="1.0" branch-rate="1.0" complexity="0">
							<lines>
								<line number="29" hits="15" branch="false"/>
								<line number="41" hits="15" branch="false"/>
								<line number="46" hits="15" branch="false"/>
								<line number="51" hits="15" branch="false"/>
								<line number="56" hits="15" branch="false"/>
							</lines>
						</method>
						<method name="&lt;init&gt;" signature="()V" line-rate="1.0" branch-rate="1.0" complexity="0">
							<lines>
								<line number="27" hits="1248" branch="false"/>
							</lines>
						</method>
						<method name="isConditionColor" signature="(Lcom/github/mygreen/cellformatter/tokenizer/Token$Condition;)Z" line-rate="1.0" branch-rate="1.0" complexity="0">
							<lines>
								<line number="91" hits="3548" branch="true" condition-coverage="100% (2/2)">
									<conditions>
										<condition number="0" type="jump" coverage="100%"/>
									</conditions>
								</line>
								<line number="92" hits="3368" branch="false"/>
								<line number="94" hits="180" branch="false"/>
							</lines>
						</method>
						<method name="isConditionDbNum" signature="(Lcom/github/mygreen/cellformatter/tokenizer/Token$Condition;)Z" line-rate="1.0" branch-rate="1.0" complexity="0">
							<lines>
								<line number="82" hits="4013" branch="false"/>
							</lines>
						</method>
						<method name="isConditionLocale" signature="(Lcom/github/mygreen/cellformatter/tokenizer/Token$Condition;)Z" line-rate="1.0" branch-rate="1.0" complexity="0">
							<lines>
								<line number="73" hits="7373" branch="false"/>
							</lines>
						</method>
						<method name="isConditionOperator" signature="(Lcom/github/mygreen/cellformatter/tokenizer/Token$Condition;)Z" line-rate="1.0" branch-rate="1.0" complexity="0">
							<lines>
								<line number="64" hits="7966" branch="false"/>
							</lines>
						</method>
						<method name="setupConditionColor" signature="(Lcom/github/mygreen/cellformatter/ConditionFormatter;Lcom/github/mygreen/cellformatter/tokenizer/Token$Condition;)Lcom/github/mygreen/cellformatter/lang/MSColor;" line-rate="0.9166666666666666" branch-rate="0.75" complexity="0">
							<lines>
								<line number="220" hits="3548" branch="false"/>
								<line number="221" hits="3548" branch="true" condition-coverage="100% (2/2)">
									<conditions>
										<condition number="0" type="jump" coverage="100%"/>
									</conditions>
								</line>
								<line number="222" hits="3368" branch="false"/>
								<line number="223" hits="3368" branch="false"/>
								<line number="227" hits="180" branch="false"/>
								<line number="228" hits="180" branch="true" condition-coverage="50% (1/2)">
									<conditions>
										<condition number="0" type="jump" coverage="50%"/>
									</conditions>
								</line>
								<line number="229" hits="0" branch="false"/>
								<line number="233" hits="180" branch="false"/>
								<line number="234" hits="180" branch="false"/>
								<line number="235" hits="180" branch="false"/>
								<line number="237" hits="180" branch="false"/>
								<line number="239" hits="180" branch="false"/>
							</lines>
						</method>
						<method name="setupConditionDbNum" signature="(Lcom/github/mygreen/cellformatter/ConditionFormatter;Lcom/github/mygreen/cellformatter/tokenizer/Token$Condition;)Lcom/github/mygreen/cellformatter/callback/Callback;" line-rate="0.9285714285714286" branch-rate="0.7" complexity="0">
							<lines>
								<line number="184" hits="465" branch="false"/>
								<line number="185" hits="465" branch="true" condition-coverage="50% (1/2)">
									<conditions>
										<condition number="0" type="jump" coverage="50%"/>
									</conditions>
								</line>
								<line number="186" hits="0" branch="false"/>
								<line number="189" hits="465" branch="false"/>
								<line number="190" hits="465" branch="false"/>
								<line number="191" hits="465" branch="true" condition-coverage="100% (2/2)">
									<conditions>
										<condition number="0" type="jump" coverage="100%"/>
									</conditions>
[...]
							<lines>
								<line number="290" hits="462" branch="false"/>
								<line number="300" hits="168" branch="false"/>
							</lines>
						</method>
					</methods>
					<lines>
						<line number="281" hits="462" branch="false"/>
						<line number="283" hits="462" branch="false"/>
						<line number="290" hits="462" branch="false"/>
						<line number="291" hits="180" branch="false"/>
						<line number="293" hits="180" branch="false"/>
						<line number="300" hits="168" branch="false"/>
					</lines>
				</class>
				<class name="com.github.mygreen.cellformatter.tokenizer.Token$EscapedChar" filename="com/github/mygreen/cellformatter/tokenizer/Token.java" line-rate="1.0" branch-rate="1.0" complexity="1.0">
					<methods>
						<method name="&lt;init&gt;" signature="(Ljava/lang/String;)V" line-rate="1.0" branch-rate="1.0" complexity="0">
							<lines>
								<line number="177" hits="11561" branch="false"/>
								<line number="178" hits="11561" branch="false"/>
								<line number="187" hits="4376" branch="false"/>
								<line number="188" hits="4376" branch="false"/>
							</lines>
						</method>
						<method name="getChar" signature="()Ljava/lang/String;" line-rate="1.0" branch-rate="1.0" complexity="0">
							<lines>
								<line number="185" hits="17105" branch="false"/>
								<line number="195" hits="6252" branch="false"/>
							</lines>
						</method>
					</methods>
					<lines>
						<line number="177" hits="11561" branch="false"/>
						<line number="178" hits="11561" branch="false"/>
						<line number="185" hits="17105" branch="false"/>
						<line number="187" hits="4376" branch="false"/>
						<line number="188" hits="4376" branch="false"/>
						<line number="195" hits="6252" branch="false"/>
					</lines>
				</class>
				<class name="com.github.mygreen.cellformatter.tokenizer.Token$Factor" filename="com/github/mygreen/cellformatter/tokenizer/Token.java" line-rate="1.0" branch-rate="1.0" complexity="1.0">
					<methods>
						<method name="&lt;init&gt;" signature="(Ljava/lang/String;)V" line-rate="1.0" branch-rate="1.0" complexity="0">
							<lines>
								<line number="255" hits="53582" branch="false"/>
								<line number="256" hits="53582" branch="false"/>
								<line number="265" hits="21000" branch="false"/>
								<line number="266" hits="21000" branch="false"/>
							</lines>
						</method>
					</methods>
					<lines>
						<line number="255" hits="53582" branch="false"/>
						<line number="256" hits="53582" branch="false"/>
						<line number="265" hits="21000" branch="false"/>
						<line number="266" hits="21000" branch="false"/>
					</lines>
				</class>
				<class name="com.github.mygreen.cellformatter.tokenizer.Token$Formatter" filename="com/github/mygreen/cellformatter/tokenizer/Token.java" line-rate="1.0" branch-rate="1.0" complexity="1.0">
					<methods>
						<method name="&lt;init&gt;" signature="(Ljava/lang/String;)V" line-rate="1.0" branch-rate="1.0" complexity="0">
							<lines>
								<line number="268" hits="86955" branch="false"/>
								<line number="269" hits="86955" branch="false"/>
								<line number="278" hits="34192" branch="false"/>
								<line number="279" hits="34192" branch="false"/>
							</lines>
						</method>
					</methods>
					<lines>
						<line number="268" hits="86955" branch="false"/>
						<line number="269" hits="86955" branch="false"/>
						<line number="278" hits="34192" branch="false"/>
						<line number="279" hits="34192" branch="false"/>
					</lines>
				</class>
				<class name="com.github.mygreen.cellformatter.tokenizer.Token$Symbol" filename="com/github/mygreen/cellformatter/tokenizer/Token.java" line-rate="1.0" branch-rate="1.0" complexity="1.0">
					<methods>
						<method name="&lt;init&gt;" signature="(Ljava/lang/String;)V" line-rate="1.0" branch-rate="1.0" complexity="0">
							<lines>
								<line number="166" hits="66" branch="false"/>
								<line number="167" hits="66" branch="false"/>
								<line number="176" hits="24" branch="false"/>
								<line number="177" hits="24" branch="false"/>
							</lines>
						</method>
					</methods>
					<lines>
						<line number="166" hits="66" branch="false"/>
						<line number="167" hits="66" branch="false"/>
						<line number="176" hits="24" branch="false"/>
						<line number="177" hits="24" branch="false"/>
					</lines>
				</class>
				<class name="com.github.mygreen.cellformatter.tokenizer.Token$Underscore" filename="com/github/mygreen/cellformatter/tokenizer/Token.java" line-rate="0.6666666666666666" branch-rate="1.0" complexity="1.0">
					<methods>
						<method name="&lt;init&gt;" signature="(Ljava/lang/String;)V" line-rate="1.0" branch-rate="1.0" complexity="0">
							<lines>
								<line number="216" hits="11638" branch="false"/>
								<line number="217" hits="11638" branch="false"/>
								<line number="226" hits="4652" branch="false"/>
								<line number="227" hits="4652" branch="false"/>
							</lines>
						</method>
						<method name="getAttachedValue" signature="()Ljava/lang/String;" line-rate="0.0" branch-rate="1.0" complexity="0">
							<lines>
								<line number="224" hits="0" branch="false"/>
								<line number="234" hits="0" branch="false"/>
							</lines>
						</method>
					</methods>
					<lines>
						<line number="216" hits="11638" branch="false"/>
						<line number="217" hits="11638" branch="false"/>
						<line number="224" hits="0" branch="false"/>
						<line number="226" hits="4652" branch="false"/>
						<line number="227" hits="4652" branch="false"/>
						<line number="234" hits="0" branch="false"/>
					</lines>
				</class>
				<class name="com.github.mygreen.cellformatter.tokenizer.Token$Word" filename="com/github/mygreen/cellformatter/tokenizer/Token.java" line-rate="1.0" branch-rate="1.0" complexity="1.0">
					<methods>
						<method name="&lt;init&gt;" signature="(Ljava/lang/String;)V" line-rate="1.0" branch-rate="1.0" complexity="0">
							<lines>
								<line number="144" hits="12782" branch="false"/>
								<line number="145" hits="12782" branch="false"/>
								<line number="154" hits="5064" branch="false"/>
								<line number="155" hits="5064" branch="false"/>
							</lines>
						</method>
						<method name="getWord" signature="()Ljava/lang/String;" line-rate="1.0" branch-rate="1.0" complexity="0">
							<lines>
								<line number="152" hits="9614" branch="false"/>
								<line number="153" hits="9614" branch="false"/>
								<line number="162" hits="3524" branch="false"/>
								<line number="163" hits="3524" branch="false"/>
							</lines>
						</method>
					</methods>
					<lines>
						<line number="144" hits="12782" branch="false"/>
						<line number="145" hits="12782" branch="false"/>
						<line number="152" hits="9614" branch="false"/>
						<line number="153" hits="9614" branch="false"/>
						<line number="154" hits="5064" branch="false"/>
						<line number="155" hits="5064" branch="false"/>
						<line number="162" hits="3524" branch="false"/>
						<line number="163" hits="3524" branch="false"/>
					</lines>
				</class>
				<class name="com.github.mygreen.cellformatter.tokenizer.TokenStore" filename="com/github/mygreen/cellformatter/tokenizer/TokenStore.java" line-rate="0.7543859649122807" branch-rate="0.7307692307692307" complexity="2.3333333333333335">
					<methods>
						<method name="&lt;init&gt;" signature="()V" line-rate="1.0" branch-rate="1.0" complexity="0">
							<lines>
								<line number="18" hits="58098" branch="false"/>
								<line number="20" hits="58098" branch="false"/>
								<line number="22" hits="58098" branch="false"/>
							</lines>
						</method>
						<method name="add" signature="(Lcom/github/mygreen/cellformatter/tokenizer/Token;)V" line-rate="1.0" branch-rate="1.0" complexity="0">
							<lines>
								<line number="29" hits="246142" branch="false"/>
								<line number="30" hits="246142" branch="false"/>
							</lines>
						</method>
						<method name="containsAnyInFactor" signature="([Ljava/lang/String;)Z" line-rate="1.0" branch-rate="1.0" complexity="0">
							<lines>
								<line number="133" hits="20019" branch="false"/>
							</lines>
						</method>
						<method name="containsAnyInFactor" signature="([Ljava/lang/String;Z)Z" line-rate="1.0" branch-rate="1.0" complexity="0">
							<lines>
								<line number="152" hits="99591" branch="true" condition-coverage="100% (2/2)">
									<conditions>
										<condition number="0" type="jump" coverage="100%"/>
									</conditions>
								</line>
								<line number="153" hits="134198" branch="true" condition-coverage="100% (2/2)">
									<conditions>
										<condition number="0" type="jump" coverage="100%"/>
									</conditions>
								</line>
								<line number="154" hits="75175" branch="false"/>
								<line number="157" hits="59023" branch="false"/>
								<line number="158" hits="59023" branch="true" condition-coverage="100% (2/2)">
									<conditions>
										<condition number="0" type="jump" coverage="100%"/>
									</conditions>
								</line>
								<line number="159" hits="31502" branch="false"/>
								<line number="162" hits="19801" branch="false"/>
								<line number="164" hits="23613" branch="false"/>
							</lines>
						</method>
						<method name="containsAnyInFactorIgnoreCase" signature="([Ljava/lang/String;)Z" line-rate="1.0" branch-rate="1.0" complexity="0">
							<lines>
								<line number="142" hits="35096" branch="false"/>
							</lines>
						</method>
						<method name="containsInFactor" signature="(Ljava/lang/String;)Z" line-rate="1.0" branch-rate="1.0" complexity="0">
							<lines>
								<line number="92" hits="67768" branch="false"/>
							</lines>
						</method>
						<method name="containsInFactor" signature="(Ljava/lang/String;Z)Z" line-rate="0.8181818181818182" branch-rate="0.7" complexity="0">
							<lines>
								<line number="106" hits="147284" branch="true" condition-coverage="100% (2/2)">
									<conditions>
										<condition number="0" type="jump" coverage="100%"/>
									</conditions>
								</line>
								<line number="107" hits="220172" branch="true" condition-coverage="100% (2/2)">
									<conditions>
										<condition number="0" type="jump" coverage="100%"/>
									</conditions>
								</line>
								<line number="108" hits="124112" branch="false"/>
								<line number="111" hits="96060" branch="false"/>
								<line number="112" hits="96060" branch="true" condition-coverage="50% (1/2)">
									<conditions>
										<condition number="0" type="jump" coverage="50%"/>
									</conditions>
								</line>
								<line number="113" hits="0" branch="true" condition-coverage="0% (0/2)">
									<conditions>
										<condition number="0" type="jump" coverage="0%"/>
									</conditions>
								</line>
								<line number="114" hits="0" branch="false"/>
								<line number="117" hits="96060" branch="true" condition-coverage="100% (2/2)">
									<conditions>
										<condition number="0" type="jump" coverage="100%"/>
									</conditions>
								</line>
								<line number="118" hits="5152" branch="false"/>
								<line number="122" hits="65396" branch="false"/>
								<line number="124" hits="62616" branch="false"/>
							</lines>
						</method>
						<method name="containsInFactorIgnoreCase" signature="(Ljava/lang/String;)Z" line-rate="0.0" branch-rate="1.0" complexity="0">
							<lines>
								<line number="101" hits="0" branch="false"/>
							</lines>
						</method>
						<method name="getConcatenatedToken" signature="()Ljava/lang/String;" line-rate="1.0" branch-rate="1.0" complexity="0">
							<lines>
								<line number="76" hits="36394" branch="false"/>
								<line number="78" hits="79154" branch="true" condition-coverage="100% (2/2)">
									<conditions>
										<condition number="0" type="jump" coverage="100%"/>
									</conditions>
								</line>
								<line number="79" hits="115620" branch="false"/>
								<line number="80" hits="83106" branch="false"/>
								<line number="82" hits="36394" branch="false"/>
							</lines>
						</method>
						<method name="getTokens" signature="()Ljava/util/List;" line-rate="1.0" branch-rate="1.0" complexity="0">
							<lines>
								<line number="37" hits="324257" branch="false"/>
							</lines>
						</method>
						<method name="split" signature="(Lcom/github/mygreen/cellformatter/tokenizer/Token$Symbol;)Ljava/util/List;" line-rate="1.0" branch-rate="1.0" complexity="0">
							<lines>
								<line number="48" hits="21602" branch="false"/>
								<line number="50" hits="21602" branch="false"/>
								<line number="52" hits="21602" branch="false"/>
								<line number="53" hits="21602" branch="false"/>
								<line number="55" hits="64402" branch="true" condition-coverage="100% (2/2)">
									<conditions>
										<condition number="0" type="jump" coverage="100%"/>
									</conditions>
								</line>
								<line number="57" hits="130452" branch="true" condition-coverage="100% (2/2)">
									<conditions>
										<condition number="0" type="jump" coverage="100%"/>
									</conditions>
								</line>
								<line number="58" hits="14812" branch="false"/>
								<line number="59" hits="14812" branch="false"/>
								<line number="61" hits="4208" branch="false"/>
								<line number="62" hits="115640" branch="false"/>
								<line number="65" hits="93710" branch="false"/>
								<line number="67" hits="21602" branch="false"/>
							</lines>
						</method>
						<method name="toString" signature="()Ljava/lang/String;" line-rate="0.0" branch-rate="0.0" complexity="0">
							<lines>
								<line number="170" hits="0" branch="false"/>
								<line number="172" hits="0" branch="false"/>
								<line number="173" hits="0" branch="true" condition-coverage="0% (0/2)">
									<conditions>
										<condition number="0" type="jump" coverage="0%"/>
									</conditions>
								</line>
								<line number="174" hits="0" branch="false"/>
								<line number="175" hits="0" branch="false"/>
								<line number="176" hits="0" branch="false"/>
								<line number="177" hits="0" branch="false"/>
								<line number="178" hits="0" branch="false"/>
								<line number="180" hits="0" branch="true" condition-coverage="0% (0/2)">
									<conditions>
										<condition number="0" type="jump" coverage="0%"/>
									</conditions>
								</line>
								<line number="181" hits="0" branch="false"/>
								<line number="186" hits="0" branch="false"/>
							</lines>
						</method>
					</methods>
					<lines>
						<line number="18" hits="58098" branch="false"/>
						<line number="20" hits="58098" branch="false"/>
						<line number="22" hits="58098" branch="false"/>
						<line number="29" hits="246142" branch="false"/>
						<line number="30" hits="246142" branch="false"/>
						<line number="37" hits="324257" branch="false"/>
						<line number="48" hits="21602" branch="false"/>
						<line number="50" hits="21602" branch="false"/>
						<line number="52" hits="21602" branch="false"/>
						<line number="53" hits="21602" branch="false"/>
						<line number="55" hits="64402" branch="true" condition-coverage="100% (2/2)">
							<conditions>
								<condition number="0" type="jump" coverage="100%"/>
							</conditions>
						</line>
						<line number="57" hits="130452" branch="true" condition-coverage="100% (2/2)">
							<conditions>
								<condition number="0" type="jump" coverage="100%"/>
							</conditions>
						</line>
						<line number="58" hits="14812" branch="false"/>
						<line number="59" hits="14812" branch="false"/>
						<line number="61" hits="4208" branch="false"/>
						<line number="62" hits="115640" branch="false"/>
						<line number="65" hits="93710" branch="false"/>
						<line number="67" hits="21602" branch="false"/>
						<line number="76" hits="36394" branch="false"/>
						<line number="78" hits="79154" branch="true" condition-coverage="100% (2/2)">
							<conditions>
								<condition number="0" type="jump" coverage="100%"/>
							</conditions>
						</line>
						<line number="79" hits="115620" branch="false"/>
						<line number="80" hits="83106" branch="false"/>
						<line number="82" hits="36394" branch="false"/>
						<line number="92" hits="67768" branch="false"/>
						<line number="101" hits="0" branch="false"/>
						<line number="106" hits="147284" branch="true" condition-coverage="100% (2/2)">
							<conditions>
								<condition number="0" type="jump" coverage="100%"/>
							</conditions>
						</line>
						<line number="107" hits="220172" branch="true" condition-coverage="100% (2/2)">
							<conditions>
								<condition number="0" type="jump" coverage="100%"/>
							</conditions>
						</line>
						<line number="108" hits="124112" branch="false"/>
						<line number="111" hits="96060" branch="false"/>
						<line number="112" hits="96060" branch="true" condition-coverage="50% (1/2)">
							<conditions>
								<condition number="0" type="jump" coverage="50%"/>
							</conditions>
						</line>
						<line number="113" hits="0" branch="true" condition-coverage="0% (0/2)">
							<conditions>
								<condition number="0" type="jump" coverage="0%"/>
							</conditions>
						</line>
						<line number="114" hits="0" branch="false"/>
						<line number="117" hits="96060" branch="true" condition-coverage="100% (2/2)">
							<conditions>
								<condition number="0" type="jump" coverage="100%"/>
							</conditions>
						</line>
						<line number="118" hits="5152" branch="false"/>
						<line number="122" hits="65396" branch="false"/>
						<line number="124" hits="62616" branch="false"/>
						<line number="133" hits="20019" branch="false"/>
						<line number="142" hits="35096" branch="false"/>
						<line number="152" hits="99591" branch="true" condition-coverage="100% (2/2)">
							<conditions>
								<condition number="0" type="jump" coverage="100%"/>
							</conditions>
						</line>
						<line number="153" hits="134198" branch="true" condition-coverage="100% (2/2)">
							<conditions>
								<condition number="0" type="jump" coverage="100%"/>
							</conditions>
						</line>
						<line number="154" hits="75175" branch="false"/>
						<line number="157" hits="59023" branch="false"/>
						<line number="158" hits="59023" branch="true" condition-coverage="100% (2/2)">
							<conditions>
								<condition number="0" type="jump" coverage="100%"/>
							</conditions>
						</line>
						<line number="159" hits="31502" branch="false"/>
						<line number="162" hits="19801" branch="false"/>
						<line number="164" hits="23613" branch="false"/>
						<line number="170" hits="0" branch="false"/>
						<line number="172" hits="0" branch="false"/>
						<line number="173" hits="0" branch="true" condition-coverage="0% (0/2)">
							<conditions>
								<condition number="0" type="jump" coverage="0%"/>
							</conditions>
						</line>
						<line number="174" hits="0" branch="false"/>
						<line number="175" hits="0" branch="false"/>
						<line number="176" hits="0" branch="false"/>
						<line number="177" hits="0" branch="false"/>
						<line number="178" hits="0" branch="false"/>
						<line number="180" hits="0" branch="true" condition-coverage="0% (0/2)">
							<conditions>
								<condition number="0" type="jump" coverage="0%"/>
							</conditions>
						</line>
						<line number="181" hits="0" branch="false"/>
						<line number="186" hits="0" branch="false"/>
					</lines>
				</class>
				<class name="com.github.mygreen.cellformatter.tokenizer.package-info" filename="com/github/mygreen/cellformatter/tokenizer/package-info.java" line-rate="1.0" branch-rate="1.0" complexity="0.0">
					<methods>
					</methods>
					<lines>
					</lines>
				</class>
			</classes>
		</package>
	</packages>
</coverage>
