<?xml version="1.0"?>
<!DOCTYPE coverage SYSTEM "http://cobertura.sourceforge.net/xml/coverage-04.dtd">

<coverage line-rate="0.8251006220270765" branch-rate="0.7428571428571429" lines-covered="2255" lines-valid="2733" branches-covered="1040" branches-valid="1400" complexity="2.6328125" version="2.1.1" timestamp="1428140142831">
	<sources>
		<source>--source</source>
		<source>D:/home/workspace4.4/git_excel-cellformatter/src/main/java</source>
	</sources>
	<packages>
		<package name="com.github.mygreen.cellformatter" line-rate="0.8766086298258895" branch-rate="0.8473479948253557" complexity="3.2485207100591715">
			<classes>
				<class name="com.github.mygreen.cellformatter.CellFormatter" filename="com/github/mygreen/cellformatter/CellFormatter.java" line-rate="0.5" branch-rate="1.0" complexity="1.0">
					<methods>
						<method name="&lt;init&gt;" signature="()V" line-rate="1.0" branch-rate="1.0" complexity="0">
							<lines>
								<line number="11" hits="16413" branch="false"/>
							</lines>
						</method>
						<method name="format" signature="(Lcom/github/mygreen/cellformatter/CommonCell;)Ljava/lang/String;" line-rate="0.0" branch-rate="1.0" complexity="0">
							<lines>
								<line number="19" hits="0" branch="false"/>
							</lines>
						</method>
					</methods>
					<lines>
						<line number="11" hits="16413" branch="false"/>
						<line number="19" hits="0" branch="false"/>
					</lines>
				</class>
				<class name="com.github.mygreen.cellformatter.CommonCell" filename="com/github/mygreen/cellformatter/CommonCell.java" line-rate="1.0" branch-rate="1.0" complexity="1.0">
					<methods>
					</methods>
					<lines>
					</lines>
				</class>
				<class name="com.github.mygreen.cellformatter.ConditionDateFormatter" filename="com/github/mygreen/cellformatter/ConditionDateFormatter.java" line-rate="0.9038461538461539" branch-rate="0.8333333333333334" complexity="1.75">
					<methods>
						<method name="&lt;clinit&gt;" signature="()V" line-rate="1.0" branch-rate="1.0" complexity="0">
							<lines>
								<line number="27" hits="11" branch="false"/>
							</lines>
						</method>
						<method name="&lt;init&gt;" signature="(Ljava/lang/String;)V" line-rate="1.0" branch-rate="1.0" complexity="0">
							<lines>
								<line number="32" hits="8173" branch="false"/>
								<line number="35" hits="8173" branch="false"/>
								<line number="36" hits="8173" branch="false"/>
							</lines>
						</method>
						<method name="addAllTerms" signature="(Ljava/util/List;)V" line-rate="0.0" branch-rate="1.0" complexity="0">
							<lines>
								<line number="114" hits="0" branch="false"/>
								<line number="115" hits="0" branch="false"/>
								<line number="118" hits="0" branch="false"/>
								<line number="119" hits="0" branch="false"/>
							</lines>
						</method>
						<method name="addTerm" signature="(Lcom/github/mygreen/cellformatter/term/Term;)V" line-rate="1.0" branch-rate="1.0" complexity="0">
							<lines>
								<line number="106" hits="13878" branch="false"/>
								<line number="107" hits="13878" branch="false"/>
								<line number="110" hits="37008" branch="false"/>
								<line number="111" hits="37008" branch="false"/>
							</lines>
						</method>
						<method name="applyFormatCallback" signature="(Ljava/util/Calendar;Ljava/lang/String;)Ljava/lang/String;" line-rate="1.0" branch-rate="1.0" complexity="0">
							<lines>
								<line number="91" hits="18774" branch="false"/>
								<line number="93" hits="18774" branch="true" condition-coverage="100% (2/2)">
									<conditions>
										<condition number="0" type="jump" coverage="100%"/>
									</conditions>
								</line>
								<line number="94" hits="630" branch="false"/>
								<line number="95" hits="50694" branch="false"/>
								<line number="97" hits="120582" branch="true" condition-coverage="100% (2/2)">
									<conditions>
										<condition number="0" type="jump" coverage="100%"/>
									</conditions>
								</line>
								<line number="98" hits="1680" branch="false"/>
								<line number="101" hits="50064" branch="false"/>
							</lines>
						</method>
						<method name="format" signature="(Lcom/github/mygreen/cellformatter/CommonCell;Ljava/util/Locale;)Ljava/lang/String;" line-rate="1.0" branch-rate="1.0" complexity="0">
							<lines>
								<line number="65" hits="2451" branch="false"/>
								<line number="67" hits="2451" branch="false"/>
								<line number="68" hits="2451" branch="false"/>
								<line number="69" hits="8987" branch="false"/>
								<line number="71" hits="6536" branch="false"/>
								<line number="72" hits="8987" branch="false"/>
								<line number="73" hits="8987" branch="true" condition-coverage="100% (2/2)">
									<conditions>
										<condition number="0" type="jump" coverage="100%"/>
									</conditions>
								</line>
								<line number="75" hits="18774" branch="true" condition-coverage="100% (2/2)">
									<conditions>
										<condition number="0" type="jump" coverage="100%"/>
									</conditions>
								</line>
								<line number="76" hits="16679" branch="false"/>
								<line number="77" hits="63136" branch="true" condition-coverage="100% (2/2)">
									<conditions>
										<condition number="0" type="jump" coverage="100%"/>
									</conditions>
								</line>
								<line number="78" hits="8631" branch="false"/>
								<line number="79" hits="50064" branch="true" condition-coverage="100% (2/2)">
									<conditions>
										<condition number="0" type="jump" coverage="100%"/>
									</conditions>
								</line>
								<line number="80" hits="45822" branch="false"/>
								<line number="81" hits="45822" branch="false"/>
								<line number="82" hits="23016" branch="false"/>
								<line number="83" hits="2451" branch="false"/>
								<line number="84" hits="50064" branch="false"/>
								<line number="85" hits="2451" branch="false"/>
								<line number="87" hits="6536" branch="false"/>
								<line number="89" hits="6536" branch="false"/>
							</lines>
						</method>
						<method name="getTerms" signature="()Ljava/util/List;" line-rate="1.0" branch-rate="1.0" complexity="0">
							<lines>
								<line number="122" hits="19431" branch="false"/>
								<line number="126" hits="51816" branch="false"/>
							</lines>
						</method>
						<method name="getType" signature="()Lcom/github/mygreen/cellformatter/FormatterType;" line-rate="1.0" branch-rate="1.0" complexity="0">
							<lines>
								<line number="40" hits="10186" branch="false"/>
							</lines>
						</method>
						<method name="isMatch" signature="(Lcom/github/mygreen/cellformatter/CommonCell;)Z" line-rate="0.9" branch-rate="0.5" complexity="0">
							<lines>
								<line number="51" hits="8987" branch="true" condition-coverage="50% (1/2)">
									<conditions>
										<condition number="0" type="jump" coverage="50%"/>
									</conditions>
								</line>
								<line number="52" hits="2451" branch="false"/>
								<line number="53" hits="2451" branch="false"/>
								<line number="55" hits="8987" branch="true" condition-coverage="50% (1/2)">
									<conditions>
										<condition number="0" type="jump" coverage="50%"/>
									</conditions>
								</line>
								<line number="56" hits="6536" branch="false"/>
								<line number="57" hits="6536" branch="false"/>
								<line number="59" hits="6536" branch="true" condition-coverage="50% (1/2)">
									<conditions>
										<condition number="0" type="jump" coverage="50%"/>
									</conditions>
								</line>
								<line number="60" hits="2451" branch="false"/>
								<line number="61" hits="0" branch="false"/>
								<line number="64" hits="6536" branch="false"/>
							</lines>
						</method>
					</methods>
					<lines>
						<line number="27" hits="11" branch="false"/>
						<line number="32" hits="8173" branch="false"/>
						<line number="35" hits="8173" branch="false"/>
						<line number="36" hits="8173" branch="false"/>
						<line number="40" hits="10186" branch="false"/>
						<line number="51" hits="8987" branch="true" condition-coverage="50% (1/2)">
							<conditions>
								<condition number="0" type="jump" coverage="50%"/>
							</conditions>
						</line>
						<line number="52" hits="2451" branch="false"/>
						<line number="53" hits="2451" branch="false"/>
						<line number="55" hits="8987" branch="true" condition-coverage="50% (1/2)">
							<conditions>
								<condition number="0" type="jump" coverage="50%"/>
							</conditions>
						</line>
						<line number="56" hits="6536" branch="false"/>
						<line number="57" hits="6536" branch="false"/>
						<line number="59" hits="6536" branch="true" condition-coverage="50% (1/2)">
							<conditions>
								<condition number="0" type="jump" coverage="50%"/>
							</conditions>
						</line>
						<line number="60" hits="2451" branch="false"/>
						<line number="61" hits="0" branch="false"/>
						<line number="64" hits="6536" branch="false"/>
						<line number="65" hits="2451" branch="false"/>
						<line number="67" hits="2451" branch="false"/>
						<line number="68" hits="2451" branch="false"/>
						<line number="69" hits="8987" branch="false"/>
						<line number="71" hits="6536" branch="false"/>
						<line number="72" hits="8987" branch="false"/>
						<line number="73" hits="8987" branch="true" condition-coverage="100% (2/2)">
							<conditions>
								<condition number="0" type="jump" coverage="100%"/>
							</conditions>
						</line>
						<line number="75" hits="18774" branch="true" condition-coverage="100% (2/2)">
							<conditions>
								<condition number="0" type="jump" coverage="100%"/>
							</conditions>
						</line>
						<line number="76" hits="16679" branch="false"/>
						<line number="77" hits="63136" branch="true" condition-coverage="100% (2/2)">
							<conditions>
								<condition number="0" type="jump" coverage="100%"/>
							</conditions>
						</line>
						<line number="78" hits="8631" branch="false"/>
						<line number="79" hits="50064" branch="true" condition-coverage="100% (2/2)">
							<conditions>
								<condition number="0" type="jump" coverage="100%"/>
							</conditions>
						</line>
						<line number="80" hits="45822" branch="false"/>
						<line number="81" hits="45822" branch="false"/>
						<line number="82" hits="23016" branch="false"/>
						<line number="83" hits="2451" branch="false"/>
						<line number="84" hits="50064" branch="false"/>
						<line number="85" hits="2451" branch="false"/>
						<line number="87" hits="6536" branch="false"/>
						<line number="89" hits="6536" branch="false"/>
						<line number="91" hits="18774" branch="false"/>
						<line number="93" hits="18774" branch="true" condition-coverage="100% (2/2)">
							<conditions>
								<condition number="0" type="jump" coverage="100%"/>
							</conditions>
						</line>
						<line number="94" hits="630" branch="false"/>
						<line number="95" hits="50694" branch="false"/>
						<line number="97" hits="120582" branch="true" condition-coverage="100% (2/2)">
							<conditions>
								<condition number="0" type="jump" coverage="100%"/>
							</conditions>
						</line>
						<line number="98" hits="1680" branch="false"/>
						<line number="101" hits="50064" branch="false"/>
						<line number="106" hits="13878" branch="false"/>
						<line number="107" hits="13878" branch="false"/>
						<line number="110" hits="37008" branch="false"/>
						<line number="111" hits="37008" branch="false"/>
						<line number="114" hits="0" branch="false"/>
						<line number="115" hits="0" branch="false"/>
						<line number="118" hits="0" branch="false"/>
						<line number="119" hits="0" branch="false"/>
						<line number="122" hits="19431" branch="false"/>
						<line number="126" hits="51816" branch="false"/>
					</lines>
				</class>
				<class name="com.github.mygreen.cellformatter.ConditionDateFormatterFactory" filename="com/github/mygreen/cellformatter/ConditionDateFormatterFactory.java" line-rate="0.9319727891156463" branch-rate="0.868421052631579" complexity="13.4">
					<methods>
						<method name="&lt;clinit&gt;" signature="()V" line-rate="1.0" branch-rate="1.0" complexity="0">
							<lines>
								<line number="31" hits="11" branch="false"/>
								<line number="36" hits="11" branch="false"/>
								<line number="55" hits="11" branch="false"/>
								<line number="75" hits="11" branch="false"/>
								<line number="80" hits="11" branch="false"/>
							</lines>
						</method>
						<method name="&lt;init&gt;" signature="()V" line-rate="1.0" branch-rate="1.0" complexity="0">
							<lines>
							</lines>
						</method>
						<method name="convertFactor" signature="(Lcom/github/mygreen/cellformatter/tokenizer/Token$Factor;)Ljava/util/List;" line-rate="1.0" branch-rate="1.0" complexity="0">
							<lines>
								<line number="257" hits="18150" branch="false"/>
								<line number="258" hits="18150" branch="false"/>
								<line number="260" hits="18150" branch="false"/>
								<line number="262" hits="18150" branch="false"/>
								<line number="263" hits="18150" branch="false"/>
								<line number="264" hits="53779" branch="true" condition-coverage="100% (2/2)">
									<conditions>
										<condition number="0" type="jump" coverage="100%"/>
									</conditions>
								</line>
								<line number="266" hits="35629" branch="false"/>
								<line number="267" hits="35629" branch="true" condition-coverage="100% (2/2)">
									<conditions>
										<condition number="0" type="jump" coverage="100%"/>
									</conditions>
								</line>
								<line number="268" hits="760749" branch="true" condition-coverage="100% (2/2)">
									<conditions>
										<condition number="0" type="jump" coverage="100%"/>
									</conditions>
								</line>
								<line number="269" hits="27291" branch="false"/>
								<line number="270" hits="27291" branch="false"/>
								<line number="272" hits="733458" branch="false"/>
								<line number="274" hits="35629" branch="true" condition-coverage="100% (2/2)">
									<conditions>
										<condition number="0" type="jump" coverage="100%"/>
									</conditions>
								</line>
								<line number="276" hits="8338" branch="false"/>
								<line number="277" hits="8338" branch="false"/>
								<line number="279" hits="27291" branch="true" condition-coverage="100% (2/2)">
									<conditions>
										<condition number="0" type="jump" coverage="100%"/>
									</conditions>
								</line>
								<line number="281" hits="8162" branch="false"/>
								<line number="282" hits="8162" branch="false"/>
								<line number="285" hits="27291" branch="false"/>
								<line number="286" hits="27291" branch="false"/>
								<line number="289" hits="35629" branch="false"/>
								<line number="291" hits="18150" branch="true" condition-coverage="100% (2/2)">
									<conditions>
										<condition number="0" type="jump" coverage="100%"/>
									</conditions>
								</line>
								<line number="292" hits="66" branch="false"/>
								<line number="295" hits="18150" branch="false"/>
							</lines>
						</method>
						<method name="convertMinuteTerm" signature="(Lcom/github/mygreen/cellformatter/ConditionDateFormatter;)V" line-rate="1.0" branch-rate="1.0" complexity="0">
							<lines>
								<line number="305" hits="8173" branch="false"/>
								<line number="306" hits="59059" branch="true" condition-coverage="100% (2/2)">
									<conditions>
										<condition number="0" type="jump" coverage="100%"/>
									</conditions>
								</line>
								<line number="307" hits="50886" branch="false"/>
								<line number="308" hits="50886" branch="true" condition-coverage="100% (2/2)">
									<conditions>
										<condition number="0" type="jump" coverage="100%"/>
									</conditions>
								</line>
								<line number="309" hits="41833" branch="false"/>
								<line number="312" hits="9053" branch="true" condition-coverage="100% (2/2)">
									<conditions>
										<condition number="0" type="jump" coverage="100%"/>
									</conditions>
								</line>
								<line number="314" hits="3135" branch="false"/>
								<line number="315" hits="3135" branch="false"/>
								<line number="320" hits="8173" branch="false"/>
							</lines>
						</method>
						<method name="create" signature="(Lcom/github/mygreen/cellformatter/tokenizer/TokenStore;)Lcom/github/mygreen/cellformatter/ConditionDateFormatter;" line-rate="0.863013698630137" branch-rate="0.8064516129032258" complexity="0">
							<lines>
								<line number="122" hits="8173" branch="false"/>
								<line number="124" hits="8173" branch="false"/>
								<line number="126" hits="8173" branch="true" condition-coverage="100% (2/2)">
									<conditions>
										<condition number="0" type="jump" coverage="100%"/>
									</conditions>
								</line>
								<line number="128" hits="35926" branch="true" condition-coverage="100% (2/2)">
									<conditions>
										<condition number="0" type="jump" coverage="100%"/>
									</conditions>
								</line>
								<line number="130" hits="2926" branch="false"/>
								<line number="131" hits="2926" branch="false"/>
								<line number="133" hits="2926" branch="true" condition-coverage="100% (2/2)">
									<conditions>
										<condition number="0" type="jump" coverage="100%"/>
									</conditions>
								</line>
								<line number="135" hits="517" branch="true" condition-coverage="100% (2/2)">
									<conditions>
										<condition number="0" type="jump" coverage="100%"/>
									</conditions>
								</line>
								<line number="136" hits="297" branch="false"/>
								<line number="138" hits="220" branch="true" condition-coverage="100% (2/2)">
									<conditions>
										<condition number="0" type="jump" coverage="100%"/>
									</conditions>
								</line>
								<line number="139" hits="110" branch="false"/>
								<line number="141" hits="110" branch="true" condition-coverage="50% (1/2)">
									<conditions>
										<condition number="0" type="jump" coverage="50%"/>
									</conditions>
								</line>
								<line number="142" hits="110" branch="false"/>
								<line number="148" hits="2409" branch="false"/>
								<line number="150" hits="2409" branch="true" condition-coverage="50% (1/2)">
									<conditions>
										<condition number="0" type="jump" coverage="50%"/>
									</conditions>
								</line>
								<line number="151" hits="0" branch="false"/>
								<line number="153" hits="2409" branch="true" condition-coverage="100% (2/2)">
									<conditions>
										<condition number="0" type="jump" coverage="100%"/>
									</conditions>
								</line>
								<line number="154" hits="2244" branch="false"/>
								<line number="156" hits="165" branch="true" condition-coverage="50% (1/2)">
									<conditions>
										<condition number="0" type="jump" coverage="50%"/>
									</conditions>
								</line>
								<line number="157" hits="165" branch="false"/>
								<line number="159" hits="0" branch="true" condition-coverage="0% (0/2)">
									<conditions>
										<condition number="0" type="jump" coverage="0%"/>
									</conditions>
								</line>
								<line number="160" hits="0" branch="false"/>
								<line number="164" hits="2409" branch="true" condition-coverage="100% (2/2)">
									<conditions>
										<condition number="0" type="jump" coverage="100%"/>
									</conditions>
								</line>
								<line number="165" hits="7887" branch="false"/>
								<line number="167" hits="25113" branch="true" condition-coverage="100% (2/2)">
									<conditions>
										<condition number="0" type="jump" coverage="100%"/>
									</conditions>
								</line>
								<line number="168" hits="6963" branch="false"/>
								<line number="170" hits="18150" branch="true" condition-coverage="50% (1/2)">
									<conditions>
										<condition number="0" type="jump" coverage="50%"/>
									</conditions>
								</line>
								<line number="171" hits="0" branch="false"/>
								<line number="173" hits="18150" branch="true" condition-coverage="50% (1/2)">
									<conditions>
										<condition number="0" type="jump" coverage="50%"/>
									</conditions>
								</line>
								<line number="174" hits="0" branch="false"/>
								<line number="176" hits="18150" branch="true" condition-coverage="50% (1/2)">
									<conditions>
										<condition number="0" type="jump" coverage="50%"/>
									</conditions>
								</line>
								<line number="178" hits="18150" branch="false"/>
								<line number="179" hits="18150" branch="true" condition-coverage="100% (2/2)">
									<conditions>
										<condition number="0" type="jump" coverage="100%"/>
									</conditions>
								</line>
								<line number="181" hits="35519" branch="true" condition-coverage="100% (2/2)">
									<conditions>
										<condition number="0" type="jump" coverage="100%"/>
									</conditions>
								</line>
								<line number="182" hits="27291" branch="false"/>
								<line number="184" hits="27291" branch="true" condition-coverage="100% (2/2)">
									<conditions>
										<condition number="0" type="jump" coverage="100%"/>
									</conditions>
								</line>
								<line number="185" hits="935" branch="false"/>
								<line number="187" hits="26356" branch="true" condition-coverage="100% (2/2)">
									<conditions>
										<condition number="0" type="jump" coverage="100%"/>
									</conditions>
								</line>
								<line number="188" hits="22" branch="false"/>
								<line number="190" hits="26334" branch="true" condition-coverage="100% (2/2)">
									<conditions>
										<condition number="0" type="jump" coverage="100%"/>
									</conditions>
								</line>
								<line number="191" hits="4026" branch="false"/>
								<line number="193" hits="22308" branch="true" condition-coverage="100% (2/2)">
									<conditions>
										<condition number="0" type="jump" coverage="100%"/>
									</conditions>
								</line>
								<line number="194" hits="1144" branch="false"/>
								<line number="196" hits="21164" branch="true" condition-coverage="100% (2/2)">
									<conditions>
										<condition number="0" type="jump" coverage="100%"/>
									</conditions>
								</line>
								<line number="197" hits="1254" branch="false"/>
								<line number="199" hits="19910" branch="true" condition-coverage="100% (2/2)">
									<conditions>
										<condition number="0" type="jump" coverage="100%"/>
									</conditions>
								</line>
								<line number="200" hits="66" branch="false"/>
								<line number="202" hits="19844" branch="true" condition-coverage="100% (2/2)">
									<conditions>
										<condition number="0" type="jump" coverage="100%"/>
									</conditions>
								</line>
								<line number="204" hits="9053" branch="false"/>
								<line number="206" hits="10791" branch="true" condition-coverage="100% (2/2)">
									<conditions>
										<condition number="0" type="jump" coverage="100%"/>
									</conditions>
								</line>
								<line number="207" hits="5830" branch="false"/>
								<line number="209" hits="4961" branch="true" condition-coverage="100% (2/2)">
									<conditions>
										<condition number="0" type="jump" coverage="100%"/>
									</conditions>
								</line>
								<line number="210" hits="242" branch="false"/>
								<line number="212" hits="4719" branch="true" condition-coverage="50% (1/2)">
									<conditions>
										<condition number="0" type="jump" coverage="50%"/>
									</conditions>
								</line>
								<line number="213" hits="0" branch="false"/>
								<line number="215" hits="4719" branch="true" condition-coverage="100% (2/2)">
									<conditions>
										<condition number="0" type="jump" coverage="100%"/>
									</conditions>
								</line>
								<line number="216" hits="2772" branch="false"/>
								<line number="217" hits="2772" branch="false"/>
								<line number="219" hits="2772" branch="true" condition-coverage="100% (2/2)">
									<conditions>
										<condition number="0" type="jump" coverage="100%"/>
									</conditions>
								</line>
								<line number="220" hits="1925" branch="false"/>
								<line number="222" hits="22" branch="true" condition-coverage="50% (1/2)">
									<conditions>
										<condition number="0" type="jump" coverage="50%"/>
									</conditions>
								</line>
								<line number="223" hits="22" branch="false"/>
								<line number="227" hits="0" branch="true" condition-coverage="0% (0/2)">
									<conditions>
										<condition number="0" type="jump" coverage="0%"/>
									</conditions>
								</line>
								<line number="228" hits="0" branch="false"/>
								<line number="230" hits="0" branch="false"/>
								<line number="233" hits="27291" branch="false"/>
								<line number="234" hits="8228" branch="false"/>
								<line number="237" hits="35519" branch="false"/>
								<line number="238" hits="18150" branch="false"/>
								<line number="239" hits="0" branch="false"/>
								<line number="241" hits="35409" branch="false"/>
								<line number="244" hits="8173" branch="false"/>
								<line number="246" hits="8173" branch="false"/>
							</lines>
						</method>
						<method name="create" signature="(Lcom/github/mygreen/cellformatter/tokenizer/TokenStore;)Ljava/lang/Object;" line-rate="1.0" branch-rate="1.0" complexity="0">
							<lines>
								<line number="29" hits="286" branch="false"/>
							</lines>
						</method>
						<method name="isDatePattern" signature="(Lcom/github/mygreen/cellformatter/tokenizer/TokenStore;)Z" line-rate="1.0" branch-rate="1.0" complexity="0">
							<lines>
								<line number="89" hits="22540" branch="true" condition-coverage="100% (2/2)">
									<conditions>
										<condition number="0" type="jump" coverage="100%"/>
									</conditions>
								</line>
								<line number="90" hits="100" branch="false"/>
								<line number="93" hits="22440" branch="true" condition-coverage="100% (2/2)">
									<conditions>
										<condition number="0" type="jump" coverage="100%"/>
									</conditions>
								</line>
								<line number="94" hits="8063" branch="false"/>
								<line number="98" hits="14377" branch="true" condition-coverage="100% (2/2)">
									<conditions>
										<condition number="0" type="jump" coverage="100%"/>
									</conditions>
								</line>
								<line number="99" hits="40502" branch="true" condition-coverage="100% (2/2)">
									<conditions>
										<condition number="0" type="jump" coverage="100%"/>
									</conditions>
								</line>
								<line number="100" hits="37235" branch="false"/>
								<line number="103" hits="3267" branch="false"/>
								<line number="104" hits="3267" branch="false"/>
								<line number="105" hits="3267" branch="true" condition-coverage="100% (2/2)">
									<conditions>
										<condition number="0" type="jump" coverage="100%"/>
									</conditions>
								</line>
								<line number="106" hits="110" branch="false"/>
								<line number="109" hits="3157" branch="false"/>
								<line number="111" hits="14267" branch="false"/>
							</lines>
						</method>
						<method name="isMinuteTerm" signature="(ILjava/util/List;)Z" line-rate="1.0" branch-rate="0.875" complexity="0">
							<lines>
								<line number="333" hits="9053" branch="false"/>
								<line number="336" hits="9053" branch="true" condition-coverage="100% (2/2)">
									<conditions>
										<condition number="0" type="jump" coverage="100%"/>
									</conditions>
								</line>
								<line number="337" hits="7590" branch="false"/>
								<line number="338" hits="15466" branch="true" condition-coverage="50% (1/2)">
									<conditions>
										<condition number="0" type="jump" coverage="50%"/>
									</conditions>
								</line>
								<line number="339" hits="15466" branch="false"/>
								<line number="340" hits="15466" branch="true" condition-coverage="100% (2/2)">
									<conditions>
										<condition number="0" type="jump" coverage="100%"/>
									</conditions>
								</line>
								<line number="341" hits="7590" branch="false"/>
								<line number="342" hits="7590" branch="false"/>
								<line number="347" hits="7590" branch="true" condition-coverage="50% (1/2)">
									<conditions>
										<condition number="0" type="jump" coverage="50%"/>
									</conditions>
								</line>
								<line number="348" hits="7590" branch="true" condition-coverage="100% (4/4)">
									<conditions>
										<condition number="0" type="jump" coverage="100%"/>
										<condition number="1" type="jump" coverage="100%"/>
									</conditions>
								</line>
								<line number="349" hits="3069" branch="false"/>
								<line number="356" hits="5984" branch="true" condition-coverage="100% (2/2)">
									<conditions>
										<condition number="0" type="jump" coverage="100%"/>
									</conditions>
								</line>
								<line number="357" hits="5830" branch="false"/>
								<line number="358" hits="11660" branch="true" condition-coverage="100% (2/2)">
									<conditions>
										<condition number="0" type="jump" coverage="100%"/>
									</conditions>
								</line>
								<line number="359" hits="11308" branch="false"/>
								<line number="360" hits="11308" branch="true" condition-coverage="100% (2/2)">
									<conditions>
										<condition number="0" type="jump" coverage="100%"/>
									</conditions>
								</line>
								<line number="361" hits="5478" branch="false"/>
								<line number="362" hits="5478" branch="false"/>
								<line number="366" hits="5830" branch="true" condition-coverage="100% (2/2)">
									<conditions>
										<condition number="0" type="jump" coverage="100%"/>
									</conditions>
								</line>
								<line number="367" hits="5478" branch="true" condition-coverage="75% (3/4)">
									<conditions>
										<condition number="0" type="jump" coverage="100%"/>
										<condition number="1" type="jump" coverage="50%"/>
									</conditions>
								</line>
								<line number="368" hits="66" branch="false"/>
								<line number="373" hits="5918" branch="false"/>
							</lines>
						</method>
					</methods>
					<lines>
						<line number="29" hits="286" branch="false"/>
						<line number="31" hits="11" branch="false"/>
						<line number="36" hits="11" branch="false"/>
						<line number="55" hits="11" branch="false"/>
						<line number="75" hits="11" branch="false"/>
						<line number="80" hits="11" branch="false"/>
						<line number="89" hits="22540" branch="true" condition-coverage="100% (2/2)">
							<conditions>
								<condition number="0" type="jump" coverage="100%"/>
							</conditions>
						</line>
						<line number="90" hits="100" branch="false"/>
						<line number="93" hits="22440" branch="true" condition-coverage="100% (2/2)">
							<conditions>
								<condition number="0" type="jump" coverage="100%"/>
							</conditions>
						</line>
						<line number="94" hits="8063" branch="false"/>
						<line number="98" hits="14377" branch="true" condition-coverage="100% (2/2)">
							<conditions>
								<condition number="0" type="jump" coverage="100%"/>
							</conditions>
						</line>
						<line number="99" hits="40502" branch="true" condition-coverage="100% (2/2)">
							<conditions>
								<condition number="0" type="jump" coverage="100%"/>
							</conditions>
						</line>
						<line number="100" hits="37235" branch="false"/>
						<line number="103" hits="3267" branch="false"/>
						<line number="104" hits="3267" branch="false"/>
						<line number="105" hits="3267" branch="true" condition-coverage="100% (2/2)">
							<conditions>
								<condition number="0" type="jump" coverage="100%"/>
							</conditions>
						</line>
						<line number="106" hits="110" branch="false"/>
						<line number="109" hits="3157" branch="false"/>
						<line number="111" hits="14267" branch="false"/>
						<line number="122" hits="8173" branch="false"/>
						<line number="124" hits="8173" branch="false"/>
						<line number="126" hits="8173" branch="true" condition-coverage="100% (2/2)">
							<conditions>
								<condition number="0" type="jump" coverage="100%"/>
							</conditions>
						</line>
						<line number="128" hits="35926" branch="true" condition-coverage="100% (2/2)">
							<conditions>
								<condition number="0" type="jump" coverage="100%"/>
							</conditions>
						</line>
						<line number="130" hits="2926" branch="false"/>
						<line number="131" hits="2926" branch="false"/>
						<line number="133" hits="2926" branch="true" condition-coverage="100% (2/2)">
							<conditions>
								<condition number="0" type="jump" coverage="100%"/>
							</conditions>
						</line>
						<line number="135" hits="517" branch="true" condition-coverage="100% (2/2)">
							<conditions>
								<condition number="0" type="jump" coverage="100%"/>
							</conditions>
						</line>
						<line number="136" hits="297" branch="false"/>
						<line number="138" hits="220" branch="true" condition-coverage="100% (2/2)">
							<conditions>
								<condition number="0" type="jump" coverage="100%"/>
							</conditions>
						</line>
						<line number="139" hits="110" branch="false"/>
						<line number="141" hits="110" branch="true" condition-coverage="50% (1/2)">
							<conditions>
								<condition number="0" type="jump" coverage="50%"/>
							</conditions>
						</line>
						<line number="142" hits="110" branch="false"/>
						<line number="148" hits="2409" branch="false"/>
						<line number="150" hits="2409" branch="true" condition-coverage="50% (1/2)">
							<conditions>
								<condition number="0" type="jump" coverage="50%"/>
							</conditions>
						</line>
						<line number="151" hits="0" branch="false"/>
						<line number="153" hits="2409" branch="true" condition-coverage="100% (2/2)">
							<conditions>
								<condition number="0" type="jump" coverage="100%"/>
							</conditions>
						</line>
						<line number="154" hits="2244" branch="false"/>
						<line number="156" hits="165" branch="true" condition-coverage="50% (1/2)">
							<conditions>
								<condition number="0" type="jump" coverage="50%"/>
							</conditions>
						</line>
						<line number="157" hits="165" branch="false"/>
						<line number="159" hits="0" branch="true" condition-coverage="0% (0/2)">
							<conditions>
								<condition number="0" type="jump" coverage="0%"/>
							</conditions>
						</line>
						<line number="160" hits="0" branch="false"/>
						<line number="164" hits="2409" branch="true" condition-coverage="100% (2/2)">
							<conditions>
								<condition number="0" type="jump" coverage="100%"/>
							</conditions>
						</line>
						<line number="165" hits="7887" branch="false"/>
						<line number="167" hits="25113" branch="true" condition-coverage="100% (2/2)">
							<conditions>
								<condition number="0" type="jump" coverage="100%"/>
							</conditions>
						</line>
						<line number="168" hits="6963" branch="false"/>
						<line number="170" hits="18150" branch="true" condition-coverage="50% (1/2)">
							<conditions>
								<condition number="0" type="jump" coverage="50%"/>
							</conditions>
						</line>
						<line number="171" hits="0" branch="false"/>
						<line number="173" hits="18150" branch="true" condition-coverage="50% (1/2)">
							<conditions>
								<condition number="0" type="jump" coverage="50%"/>
							</conditions>
						</line>
						<line number="174" hits="0" branch="false"/>
						<line number="176" hits="18150" branch="true" condition-coverage="50% (1/2)">
							<conditions>
								<condition number="0" type="jump" coverage="50%"/>
							</conditions>
						</line>
						<line number="178" hits="18150" branch="false"/>
						<line number="179" hits="18150" branch="true" condition-coverage="100% (2/2)">
							<conditions>
								<condition number="0" type="jump" coverage="100%"/>
							</conditions>
						</line>
						<line number="181" hits="35519" branch="true" condition-coverage="100% (2/2)">
							<conditions>
								<condition number="0" type="jump" coverage="100%"/>
							</conditions>
						</line>
						<line number="182" hits="27291" branch="false"/>
						<line number="184" hits="27291" branch="true" condition-coverage="100% (2/2)">
							<conditions>
								<condition number="0" type="jump" coverage="100%"/>
							</conditions>
						</line>
						<line number="185" hits="935" branch="false"/>
						<line number="187" hits="26356" branch="true" condition-coverage="100% (2/2)">
							<conditions>
								<condition number="0" type="jump" coverage="100%"/>
							</conditions>
						</line>
						<line number="188" hits="22" branch="false"/>
						<line number="190" hits="26334" branch="true" condition-coverage="100% (2/2)">
							<conditions>
								<condition number="0" type="jump" coverage="100%"/>
							</conditions>
						</line>
						<line number="191" hits="4026" branch="false"/>
						<line number="193" hits="22308" branch="true" condition-coverage="100% (2/2)">
							<conditions>
								<condition number="0" type="jump" coverage="100%"/>
							</conditions>
						</line>
						<line number="194" hits="1144" branch="false"/>
						<line number="196" hits="21164" branch="true" condition-coverage="100% (2/2)">
							<conditions>
								<condition number="0" type="jump" coverage="100%"/>
							</conditions>
						</line>
						<line number="197" hits="1254" branch="false"/>
						<line number="199" hits="19910" branch="true" condition-coverage="100% (2/2)">
							<conditions>
								<condition number="0" type="jump" coverage="100%"/>
							</conditions>
						</line>
						<line number="200" hits="66" branch="false"/>
						<line number="202" hits="19844" branch="true" condition-coverage="100% (2/2)">
							<conditions>
								<condition number="0" type="jump" coverage="100%"/>
							</conditions>
						</line>
						<line number="204" hits="9053" branch="false"/>
						<line number="206" hits="10791" branch="true" condition-coverage="100% (2/2)">
							<conditions>
								<condition number="0" type="jump" coverage="100%"/>
							</conditions>
						</line>
						<line number="207" hits="5830" branch="false"/>
						<line number="209" hits="4961" branch="true" condition-coverage="100% (2/2)">
							<conditions>
								<condition number="0" type="jump" coverage="100%"/>
							</conditions>
						</line>
						<line number="210" hits="242" branch="false"/>
						<line number="212" hits="4719" branch="true" condition-coverage="50% (1/2)">
							<conditions>
								<condition number="0" type="jump" coverage="50%"/>
							</conditions>
						</line>
						<line number="213" hits="0" branch="false"/>
						<line number="215" hits="4719" branch="true" condition-coverage="100% (2/2)">
							<conditions>
								<condition number="0" type="jump" coverage="100%"/>
							</conditions>
						</line>
						<line number="216" hits="2772" branch="false"/>
						<line number="217" hits="2772" branch="false"/>
						<line number="219" hits="2772" branch="true" condition-coverage="100% (2/2)">
							<conditions>
								<condition number="0" type="jump" coverage="100%"/>
							</conditions>
						</line>
						<line number="220" hits="1925" branch="false"/>
						<line number="222" hits="22" branch="true" condition-coverage="50% (1/2)">
							<conditions>
								<condition number="0" type="jump" coverage="50%"/>
							</conditions>
						</line>
						<line number="223" hits="22" branch="false"/>
						<line number="227" hits="0" branch="true" condition-coverage="0% (0/2)">
							<conditions>
								<condition number="0" type="jump" coverage="0%"/>
							</conditions>
						</line>
						<line number="228" hits="0" branch="false"/>
						<line number="230" hits="0" branch="false"/>
						<line number="233" hits="27291" branch="false"/>
						<line number="234" hits="8228" branch="false"/>
						<line number="237" hits="35519" branch="false"/>
						<line number="238" hits="18150" branch="false"/>
						<line number="239" hits="0" branch="false"/>
						<line number="241" hits="35409" branch="false"/>
						<line number="244" hits="8173" branch="false"/>
						<line number="246" hits="8173" branch="false"/>
						<line number="257" hits="18150" branch="false"/>
						<line number="258" hits="18150" branch="false"/>
						<line number="260" hits="18150" branch="false"/>
						<line number="262" hits="18150" branch="false"/>
						<line number="263" hits="18150" branch="false"/>
						<line number="264" hits="53779" branch="true" condition-coverage="100% (2/2)">
							<conditions>
								<condition number="0" type="jump" coverage="100%"/>
							</conditions>
						</line>
						<line number="266" hits="35629" branch="false"/>
						<line number="267" hits="35629" branch="true" condition-coverage="100% (2/2)">
							<conditions>
								<condition number="0" type="jump" coverage="100%"/>
							</conditions>
						</line>
						<line number="268" hits="760749" branch="true" condition-coverage="100% (2/2)">
							<conditions>
								<condition number="0" type="jump" coverage="100%"/>
							</conditions>
						</line>
						<line number="269" hits="27291" branch="false"/>
						<line number="270" hits="27291" branch="false"/>
						<line number="272" hits="733458" branch="false"/>
						<line number="274" hits="35629" branch="true" condition-coverage="100% (2/2)">
							<conditions>
								<condition number="0" type="jump" coverage="100%"/>
							</conditions>
						</line>
						<line number="276" hits="8338" branch="false"/>
						<line number="277" hits="8338" branch="false"/>
						<line number="279" hits="27291" branch="true" condition-coverage="100% (2/2)">
							<conditions>
								<condition number="0" type="jump" coverage="100%"/>
							</conditions>
						</line>
						<line number="281" hits="8162" branch="false"/>
						<line number="282" hits="8162" branch="false"/>
						<line number="285" hits="27291" branch="false"/>
						<line number="286" hits="27291" branch="false"/>
						<line number="289" hits="35629" branch="false"/>
						<line number="291" hits="18150" branch="true" condition-coverage="100% (2/2)">
							<conditions>
								<condition number="0" type="jump" coverage="100%"/>
							</conditions>
						</line>
						<line number="292" hits="66" branch="false"/>
						<line number="295" hits="18150" branch="false"/>
						<line number="305" hits="8173" branch="false"/>
						<line number="306" hits="59059" branch="true" condition-coverage="100% (2/2)">
							<conditions>
								<condition number="0" type="jump" coverage="100%"/>
							</conditions>
						</line>
						<line number="307" hits="50886" branch="false"/>
						<line number="308" hits="50886" branch="true" condition-coverage="100% (2/2)">
							<conditions>
								<condition number="0" type="jump" coverage="100%"/>
							</conditions>
						</line>
						<line number="309" hits="41833" branch="false"/>
						<line number="312" hits="9053" branch="true" condition-coverage="100% (2/2)">
							<conditions>
								<condition number="0" type="jump" coverage="100%"/>
							</conditions>
						</line>
						<line number="314" hits="3135" branch="false"/>
						<line number="315" hits="3135" branch="false"/>
						<line number="320" hits="8173" branch="false"/>
						<line number="333" hits="9053" branch="false"/>
						<line number="336" hits="9053" branch="true" condition-coverage="100% (2/2)">
							<conditions>
								<condition number="0" type="jump" coverage="100%"/>
							</conditions>
						</line>
						<line number="337" hits="7590" branch="false"/>
						<line number="338" hits="15466" branch="true" condition-coverage="50% (1/2)">
							<conditions>
								<condition number="0" type="jump" coverage="50%"/>
							</conditions>
						</line>
						<line number="339" hits="15466" branch="false"/>
						<line number="340" hits="15466" branch="true" condition-coverage="100% (2/2)">
							<conditions>
								<condition number="0" type="jump" coverage="100%"/>
							</conditions>
						</line>
						<line number="341" hits="7590" branch="false"/>
						<line number="342" hits="7590" branch="false"/>
						<line number="347" hits="7590" branch="true" condition-coverage="50% (1/2)">
							<conditions>
								<condition number="0" type="jump" coverage="50%"/>
							</conditions>
						</line>
						<line number="348" hits="7590" branch="true" condition-coverage="100% (4/4)">
							<conditions>
								<condition number="0" type="jump" coverage="100%"/>
								<condition number="1" type="jump" coverage="100%"/>
							</conditions>
						</line>
						<line number="349" hits="3069" branch="false"/>
						<line number="356" hits="5984" branch="true" condition-coverage="100% (2/2)">
							<conditions>
								<condition number="0" type="jump" coverage="100%"/>
							</conditions>
						</line>
						<line number="357" hits="5830" branch="false"/>
						<line number="358" hits="11660" branch="true" condition-coverage="100% (2/2)">
							<conditions>
								<condition number="0" type="jump" coverage="100%"/>
							</conditions>
						</line>
						<line number="359" hits="11308" branch="false"/>
						<line number="360" hits="11308" branch="true" condition-coverage="100% (2/2)">
							<conditions>
								<condition number="0" type="jump" coverage="100%"/>
							</conditions>
						</line>
						<line number="361" hits="5478" branch="false"/>
						<line number="362" hits="5478" branch="false"/>
						<line number="366" hits="5830" branch="true" condition-coverage="100% (2/2)">
							<conditions>
								<condition number="0" type="jump" coverage="100%"/>
							</conditions>
						</line>
						<line number="367" hits="5478" branch="true" condition-coverage="75% (3/4)">
							<conditions>
								<condition number="0" type="jump" coverage="100%"/>
								<condition number="1" type="jump" coverage="50%"/>
							</conditions>
						</line>
						<line number="368" hits="66" branch="false"/>
						<line number="373" hits="5918" branch="false"/>
					</lines>
				</class>
				<class name="com.github.mygreen.cellformatter.ConditionFormatter" filename="com/github/mygreen/cellformatter/ConditionFormatter.java" line-rate="0.6060606060606061" branch-rate="0.6666666666666666" complexity="1.0">
					<methods>
						<method name="&lt;init&gt;" signature="(Ljava/lang/String;)V" line-rate="1.0" branch-rate="1.0" complexity="0">
							<lines>
								<line number="36" hits="26167" branch="false"/>
								<line number="39" hits="26167" branch="false"/>
								<line number="41" hits="26167" branch="false"/>
								<line number="42" hits="26167" branch="false"/>
								<line number="43" hits="26167" branch="false"/>
							</lines>
						</method>
						<method name="addAllCondition" signature="(Ljava/util/List;)V" line-rate="0.0" branch-rate="1.0" complexity="0">
							<lines>
								<line number="121" hits="0" branch="false"/>
								<line number="122" hits="0" branch="false"/>
							</lines>
						</method>
						<method name="addCallback" signature="(Lcom/github/mygreen/cellformatter/callback/Callback;)V" line-rate="1.0" branch-rate="1.0" complexity="0">
							<lines>
								<line number="184" hits="341" branch="false"/>
								<line number="185" hits="341" branch="false"/>
							</lines>
						</method>
						<method name="addCondition" signature="(Ljava/lang/String;)V" line-rate="1.0" branch-rate="1.0" complexity="0">
							<lines>
								<line number="113" hits="5742" branch="false"/>
								<line number="114" hits="5742" branch="false"/>
							</lines>
						</method>
						<method name="addFirstCallcack" signature="(Lcom/github/mygreen/cellformatter/callback/Callback;)V" line-rate="0.0" branch-rate="1.0" complexity="0">
							<lines>
								<line number="192" hits="0" branch="false"/>
								<line number="193" hits="0" branch="false"/>
								<line number="194" hits="0" branch="false"/>
								<line number="197" hits="0" branch="false"/>
								<line number="198" hits="0" branch="false"/>
								<line number="199" hits="0" branch="false"/>
							</lines>
						</method>
						<method name="format" signature="(Lcom/github/mygreen/cellformatter/CommonCell;)Ljava/lang/String;" line-rate="0.0" branch-rate="1.0" complexity="0">
							<lines>
								<line number="65" hits="0" branch="false"/>
							</lines>
						</method>
						<method name="getCallbacks" signature="()Ljava/util/List;" line-rate="1.0" branch-rate="1.0" complexity="0">
							<lines>
								<line number="206" hits="75931" branch="false"/>
							</lines>
						</method>
						<method name="getColor" signature="()Lcom/github/mygreen/cellformatter/lang/MSColor;" line-rate="0.0" branch-rate="1.0" complexity="0">
							<lines>
								<line number="137" hits="0" branch="false"/>
							</lines>
						</method>
						<method name="getConditions" signature="()Ljava/util/List;" line-rate="0.0" branch-rate="1.0" complexity="0">
							<lines>
								<line number="129" hits="0" branch="false"/>
							</lines>
						</method>
						<method name="getLocale" signature="()Lcom/github/mygreen/cellformatter/lang/MSLocale;" line-rate="1.0" branch-rate="1.0" complexity="0">
							<lines>
								<line number="168" hits="111595" branch="false"/>
							</lines>
						</method>
						<method name="getOperator" signature="()Lcom/github/mygreen/cellformatter/ConditionOperator;" line-rate="1.0" branch-rate="1.0" complexity="0">
							<lines>
								<line number="152" hits="50387" branch="false"/>
							</lines>
						</method>
						<method name="getPattern" signature="()Ljava/lang/String;" line-rate="0.0" branch-rate="1.0" complexity="0">
							<lines>
								<line number="105" hits="0" branch="false"/>
							</lines>
						</method>
						<method name="isDateFormatter" signature="()Z" line-rate="1.0" branch-rate="1.0" complexity="0">
							<lines>
								<line number="81" hits="13282" branch="true" condition-coverage="100% (2/2)">
									<conditions>
										<condition number="0" type="jump" coverage="100%"/>
									</conditions>
								</line>
							</lines>
						</method>
						<method name="isNumberFormatter" signature="()Z" line-rate="1.0" branch-rate="1.0" complexity="0">
							<lines>
								<line number="89" hits="11464" branch="true" condition-coverage="100% (2/2)">
									<conditions>
										<condition number="0" type="jump" coverage="100%"/>
									</conditions>
								</line>
							</lines>
						</method>
						<method name="isTextFormatter" signature="()Z" line-rate="0.0" branch-rate="0.0" complexity="0">
							<lines>
								<line number="97" hits="0" branch="true" condition-coverage="0% (0/2)">
									<conditions>
										<condition number="0" type="jump" coverage="0%"/>
									</conditions>
								</line>
							</lines>
						</method>
						<method name="setColor" signature="(Lcom/github/mygreen/cellformatter/lang/MSColor;)V" line-rate="1.0" branch-rate="1.0" complexity="0">
							<lines>
								<line number="144" hits="2552" branch="false"/>
								<line number="145" hits="2552" branch="false"/>
							</lines>
						</method>
						<method name="setLocale" signature="(Lcom/github/mygreen/cellformatter/lang/MSLocale;)V" line-rate="1.0" branch-rate="1.0" complexity="0">
							<lines>
								<line number="176" hits="2420" branch="false"/>
								<line number="177" hits="2420" branch="false"/>
							</lines>
						</method>
						<method name="setOperator" signature="(Lcom/github/mygreen/cellformatter/ConditionOperator;)V" line-rate="1.0" branch-rate="1.0" complexity="0">
							<lines>
								<line number="160" hits="25274" branch="false"/>
								<line number="161" hits="25274" branch="false"/>
							</lines>
						</method>
					</methods>
					<lines>
						<line number="36" hits="26167" branch="false"/>
						<line number="39" hits="26167" branch="false"/>
						<line number="41" hits="26167" branch="false"/>
						<line number="42" hits="26167" branch="false"/>
						<line number="43" hits="26167" branch="false"/>
						<line number="65" hits="0" branch="false"/>
						<line number="81" hits="13282" branch="true" condition-coverage="100% (2/2)">
							<conditions>
								<condition number="0" type="jump" coverage="100%"/>
							</conditions>
						</line>
						<line number="89" hits="11464" branch="true" condition-coverage="100% (2/2)">
							<conditions>
								<condition number="0" type="jump" coverage="100%"/>
							</conditions>
						</line>
						<line number="97" hits="0" branch="true" condition-coverage="0% (0/2)">
							<conditions>
								<condition number="0" type="jump" coverage="0%"/>
							</conditions>
						</line>
						<line number="105" hits="0" branch="false"/>
						<line number="113" hits="5742" branch="false"/>
						<line number="114" hits="5742" branch="false"/>
						<line number="121" hits="0" branch="false"/>
						<line number="122" hits="0" branch="false"/>
						<line number="129" hits="0" branch="false"/>
						<line number="137" hits="0" branch="false"/>
						<line number="144" hits="2552" branch="false"/>
						<line number="145" hits="2552" branch="false"/>
						<line number="152" hits="50387" branch="false"/>
						<line number="160" hits="25274" branch="false"/>
						<line number="161" hits="25274" branch="false"/>
						<line number="168" hits="111595" branch="false"/>
						<line number="176" hits="2420" branch="false"/>
						<line number="177" hits="2420" branch="false"/>
						<line number="184" hits="341" branch="false"/>
						<line number="185" hits="341" branch="false"/>
						<line number="192" hits="0" branch="false"/>
						<line number="193" hits="0" branch="false"/>
						<line number="194" hits="0" branch="false"/>
						<line number="197" hits="0" branch="false"/>
						<line number="198" hits="0" branch="false"/>
						<line number="199" hits="0" branch="false"/>
						<line number="206" hits="75931" branch="false"/>
					</lines>
				</class>
				<class name="com.github.mygreen.cellformatter.ConditionFormatterFactory" filename="com/github/mygreen/cellformatter/ConditionFormatterFactory.java" line-rate="0.9154929577464789" branch-rate="0.875" complexity="3.5555555555555554">
					<methods>
						<method name="&lt;clinit&gt;" signature="()V" line-rate="1.0" branch-rate="1.0" complexity="0">
							<lines>
								<line number="29" hits="11" branch="false"/>
								<line number="41" hits="11" branch="false"/>
								<line number="46" hits="11" branch="false"/>
								<line number="51" hits="11" branch="false"/>
								<line number="56" hits="11" branch="false"/>
							</lines>
						</method>
						<method name="&lt;init&gt;" signature="()V" line-rate="1.0" branch-rate="1.0" complexity="0">
							<lines>
								<line number="27" hits="858" branch="false"/>
							</lines>
						</method>
						<method name="isConditionColor" signature="(Lcom/github/mygreen/cellformatter/tokenizer/Token$Condition;)Z" line-rate="1.0" branch-rate="1.0" complexity="0">
							<lines>
								<line number="91" hits="2552" branch="true" condition-coverage="100% (2/2)">
									<conditions>
										<condition number="0" type="jump" coverage="100%"/>
									</conditions>
								</line>
								<line number="92" hits="2420" branch="false"/>
								<line number="94" hits="132" branch="false"/>
							</lines>
						</method>
						<method name="isConditionDbNum" signature="(Lcom/github/mygreen/cellformatter/tokenizer/Token$Condition;)Z" line-rate="1.0" branch-rate="1.0" complexity="0">
							<lines>
								<line number="82" hits="2893" branch="false"/>
							</lines>
						</method>
						<method name="isConditionLocale" signature="(Lcom/github/mygreen/cellformatter/tokenizer/Token$Condition;)Z" line-rate="1.0" branch-rate="1.0" complexity="0">
							<lines>
								<line number="73" hits="5313" branch="false"/>
							</lines>
						</method>
						<method name="isConditionOperator" signature="(Lcom/github/mygreen/cellformatter/tokenizer/Token$Condition;)Z" line-rate="1.0" branch-rate="1.0" complexity="0">
							<lines>
								<line number="64" hits="5742" branch="false"/>
							</lines>
						</method>
						<method name="setupConditionColor" signature="(Lcom/github/mygreen/cellformatter/ConditionFormatter;Lcom/github/mygreen/cellformatter/tokenizer/Token$Condition;)Lcom/github/mygreen/cellformatter/lang/MSColor;" line-rate="0.9166666666666666" branch-rate="0.75" complexity="0">
							<lines>
								<line number="220" hits="2552" branch="false"/>
								<line number="221" hits="2552" branch="true" condition-coverage="100% (2/2)">
									<conditions>
										<condition number="0" type="jump" coverage="100%"/>
									</conditions>
								</line>
								<line number="222" hits="2420" branch="false"/>
								<line number="223" hits="2420" branch="false"/>
								<line number="227" hits="132" branch="false"/>
								<line number="228" hits="132" branch="true" condition-coverage="50% (1/2)">
									<conditions>
										<condition number="0" type="jump" coverage="50%"/>
									</conditions>
								</line>
								<line number="229" hits="0" branch="false"/>
								<line number="233" hits="132" branch="false"/>
								<line number="234" hits="132" branch="false"/>
								<line number="235" hits="132" branch="false"/>
								<line number="237" hits="132" branch="false"/>
								<line number="239" hits="132" branch="false"/>
							</lines>
						</method>
						<method name="setupConditionDbNum" signature="(Lcom/github/mygreen/cellformatter/ConditionFormatter;Lcom/github/mygreen/cellformatter/tokenizer/Token$Condition;)Lcom/github/mygreen/cellformatter/callback/Callback;" line-rate="0.9285714285714286" branch-rate="0.7" complexity="0">
							<lines>
								<line number="184" hits="341" branch="false"/>
								<line number="185" hits="341" branch="true" condition-coverage="50% (1/2)">
									<conditions>
										<condition number="0" type="jump" coverage="50%"/>
									</conditions>
								</line>
								<line number="186" hits="0" branch="false"/>
								<line number="189" hits="341" branch="false"/>
								<line number="190" hits="341" branch="false"/>
								<line number="191" hits="341" branch="true" condition-coverage="100% (2/2)">
									<conditions>
										<condition number="0" type="jump" coverage="100%"/>
									</conditions>
								</line>
								<line number="192" hits="99" branch="false"/>
								<line number="194" hits="138" branch="true" condition-coverage="100% (2/2)">
									<conditions>
										<condition number="0" type="jump" coverage="100%"/>
									</conditions>
								</line>
								<line number="195" hits="99" branch="false"/>
								<line number="197" hits="111" branch="true" condition-coverage="50% (1/2)">
									<conditions>
										<condition number="0" type="jump" coverage="50%"/>
									</conditions>
								</line>
								<line number="198" hits="143" branch="false"/>
								<line number="201" hits="341" branch="true" condition-coverage="50% (1/2)">
									<conditions>
										<condition number="0" type="jump" coverage="50%"/>
									</conditions>
								</line>
								<line number="202" hits="341" branch="false"/>
								<line number="205" hits="341" branch="false"/>
							</lines>
						</method>
						<method name="setupConditionLocale" signature="(Lcom/github/mygreen/cellformatter/ConditionFormatter;Lcom/github/mygreen/cellformatter/tokenizer/Token$Condition;)Lcom/github/mygreen/cellformatter/lang/MSLocale;" line-rate="0.9" branch-rate="0.75" complexity="0">
							<lines>
								<line number="155" hits="2420" branch="false"/>
								<line number="156" hits="2420" branch="true" condition-coverage="50% (1/2)">
									<conditions>
										<condition number="0" type="jump" coverage="50%"/>
									</conditions>
								</line>
								<line number="157" hits="0" branch="false"/>
								<line number="160" hits="2420" branch="false"/>
								<line number="163" hits="2420" branch="false"/>
								<line number="164" hits="2420" branch="false"/>
								<line number="165" hits="2420" branch="true" condition-coverage="100% (2/2)">
									<conditions>
										<condition number="0" type="jump" coverage="100%"/>
									</conditions>
								</line>
								<line number="166" hits="572" branch="false"/>
								<line number="169" hits="2420" branch="false"/>
								<line number="171" hits="2420" branch="false"/>
							</lines>
						</method>
						<method name="setupConditionOperator" signature="(Lcom/github/mygreen/cellformatter/ConditionFormatter;Lcom/github/mygreen/cellformatter/tokenizer/Token$Condition;)Lcom/github/mygreen/cellformatter/ConditionOperator;" line-rate="0.8695652173913043" branch-rate="0.9642857142857143" complexity="0">
							<lines>
								<line number="106" hits="429" branch="false"/>
								<line number="107" hits="429" branch="true" condition-coverage="50% (1/2)">
									<conditions>
										<condition number="0" type="jump" coverage="50%"/>
									</conditions>
								</line>
								<line number="108" hits="0" branch="false"/>
								<line number="111" hits="429" branch="false"/>
								<line number="112" hits="429" branch="false"/>
								<line number="113" hits="429" branch="false"/>
								<line number="116" hits="429" branch="true" condition-coverage="100% (26/26)">
									<conditions>
										<condition number="0" type="jump" coverage="100%"/>
										<condition number="1" type="jump" coverage="100%"/>
										<condition number="2" type="jump" coverage="100%"/>
										<condition number="3" type="jump" coverage="100%"/>
										<condition number="4" type="jump" coverage="100%"/>
										<condition number="5" type="jump" coverage="100%"/>
										<condition number="0" type="switch" coverage="100%"/>
										<condition number="1" type="switch" coverage="100%"/>
									</conditions>
								</line>
								<line number="118" hits="66" branch="false"/>
								<line number="119" hits="66" branch="false"/>
								<line number="121" hits="33" branch="false"/>
								<line number="122" hits="33" branch="false"/>
								<line number="124" hits="33" branch="false"/>
								<line number="125" hits="33" branch="false"/>
								<line number="127" hits="33" branch="false"/>
								<line number="128" hits="33" branch="false"/>
								<line number="130" hits="33" branch="false"/>
								<line number="131" hits="33" branch="false"/>
								<line number="133" hits="231" branch="false"/>
								<line number="134" hits="231" branch="false"/>
								<line number="136" hits="0" branch="false"/>
								<line number="137" hits="0" branch="false"/>
								<line number="142" hits="429" branch="false"/>
								<line number="143" hits="429" branch="false"/>
							</lines>
						</method>
					</methods>
					<lines>
						<line number="27" hits="858" branch="false"/>
						<line number="29" hits="11" branch="false"/>
						<line number="41" hits="11" branch="false"/>
						<line number="46" hits="11" branch="false"/>
						<line number="51" hits="11" branch="false"/>
						<line number="56" hits="11" branch="false"/>
						<line number="64" hits="5742" branch="false"/>
						<line number="73" hits="5313" branch="false"/>
						<line number="82" hits="2893" branch="false"/>
						<line number="91" hits="2552" branch="true" condition-coverage="100% (2/2)">
							<conditions>
								<condition number="0" type="jump" coverage="100%"/>
							</conditions>
						</line>
						<line number="92" hits="2420" branch="false"/>
						<line number="94" hits="132" branch="false"/>
						<line number="106" hits="429" branch="false"/>
						<line number="107" hits="429" branch="true" condition-coverage="50% (1/2)">
							<conditions>
								<condition number="0" type="jump" coverage="50%"/>
							</conditions>
						</line>
						<line number="108" hits="0" branch="false"/>
						<line number="111" hits="429" branch="false"/>
						<line number="112" hits="429" branch="false"/>
						<line number="113" hits="429" branch="false"/>
						<line number="116" hits="429" branch="true" condition-coverage="100% (26/26)">
							<conditions>
								<condition number="0" type="jump" coverage="100%"/>
								<condition number="1" type="jump" coverage="100%"/>
								<condition number="2" type="jump" coverage="100%"/>
								<condition number="3" type="jump" coverage="100%"/>
								<condition number="4" type="jump" coverage="100%"/>
								<condition number="5" type="jump" coverage="100%"/>
								<condition number="0" type="switch" coverage="100%"/>
								<condition number="1" type="switch" coverage="100%"/>
							</conditions>
						</line>
						<line number="118" hits="66" branch="false"/>
						<line number="119" hits="66" branch="false"/>
						<line number="121" hits="33" branch="false"/>
						<line number="122" hits="33" branch="false"/>
						<line number="124" hits="33" branch="false"/>
						<line number="125" hits="33" branch="false"/>
						<line number="127" hits="33" branch="false"/>
						<line number="128" hits="33" branch="false"/>
						<line number="130" hits="33" branch="false"/>
						<line number="131" hits="33" branch="false"/>
						<line number="133" hits="231" branch="false"/>
						<line number="134" hits="231" branch="false"/>
						<line number="136" hits="0" branch="false"/>
						<line number="137" hits="0" branch="false"/>
						<line number="142" hits="429" branch="false"/>
						<line number="143" hits="429" branch="false"/>
						<line number="155" hits="2420" branch="false"/>
						<line number="156" hits="2420" branch="true" condition-coverage="50% (1/2)">
							<conditions>
								<condition number="0" type="jump" coverage="50%"/>
							</conditions>
						</line>
						<line number="157" hits="0" branch="false"/>
						<line number="160" hits="2420" branch="false"/>
						<line number="163" hits="2420" branch="false"/>
						<line number="164" hits="2420" branch="false"/>
						<line number="165" hits="2420" branch="true" condition-coverage="100% (2/2)">
							<conditions>
								<condition number="0" type="jump" coverage="100%"/>
							</conditions>
						</line>
						<line number="166" hits="572" branch="false"/>
						<line number="169" hits="2420" branch="false"/>
						<line number="171" hits="2420" branch="false"/>
						<line number="184" hits="341" branch="false"/>
						<line number="185" hits="341" branch="true" condition-coverage="50% (1/2)">
							<conditions>
								<condition number="0" type="jump" coverage="50%"/>
							</conditions>
						</line>
						<line number="186" hits="0" branch="false"/>
						<line number="189" hits="341" branch="false"/>
						<line number="190" hits="341" branch="false"/>
						<line number="191" hits="341" branch="true" condition-coverage="100% (2/2)">
							<conditions>
								<condition number="0" type="jump" coverage="100%"/>
							</conditions>
						</line>
						<line number="192" hits="99" branch="false"/>
						<line number="194" hits="138" branch="true" condition-coverage="100% (2/2)">
							<conditions>
								<condition number="0" type="jump" coverage="100%"/>
							</conditions>
						</line>
						<line number="195" hits="99" branch="false"/>
						<line number="197" hits="111" branch="true" condition-coverage="50% (1/2)">
							<conditions>
								<condition number="0" type="jump" coverage="50%"/>
							</conditions>
						</line>
						<line number="198" hits="143" branch="false"/>
						<line number="201" hits="341" branch="true" condition-coverage="50% (1/2)">
							<conditions>
								<condition number="0" type="jump" coverage="50%"/>
							</conditions>
						</line>
						<line number="202" hits="341" branch="false"/>
						<line number="205" hits="341" branch="false"/>
						<line number="220" hits="2552" branch="false"/>
						<line number="221" hits="2552" branch="true" condition-coverage="100% (2/2)">
							<conditions>
								<condition number="0" type="jump" coverage="100%"/>
							</conditions>
						</line>
						<line number="222" hits="2420" branch="false"/>
						<line number="223" hits="2420" branch="false"/>
						<line number="227" hits="132" branch="false"/>
						<line number="228" hits="132" branch="true" condition-coverage="50% (1/2)">
							<conditions>
								<condition number="0" type="jump" coverage="50%"/>
							</conditions>
						</line>
						<line number="229" hits="0" branch="false"/>
						<line number="233" hits="132" branch="false"/>
						<line number="234" hits="132" branch="false"/>
						<line number="235" hits="132" branch="false"/>
						<line number="237" hits="132" branch="false"/>
						<line number="239" hits="132" branch="false"/>
					</lines>
				</class>
				<class name="com.github.mygreen.cellformatter.ConditionNumberFormatter" filename="com/github/mygreen/cellformatter/ConditionNumberFormatter.java" line-rate="0.9803921568627451" branch-rate="1.0" complexity="2.111111111111111">
					<methods>
						<method name="&lt;init&gt;" signature="(Ljava/lang/String;)V" line-rate="1.0" branch-rate="1.0" complexity="0">
							<lines>
								<line number="25" hits="14378" branch="false"/>
								<line number="33" hits="14378" branch="false"/>
								<line number="34" hits="14378" branch="false"/>
							</lines>
						</method>
						<method name="addTerm" signature="(Lcom/github/mygreen/cellformatter/term/Term;)V" line-rate="1.0" branch-rate="1.0" complexity="0">
							<lines>
								<line number="80" hits="28677" branch="false"/>
								<line number="81" hits="28677" branch="false"/>
								<line number="84" hits="76440" branch="false"/>
								<line number="85" hits="76440" branch="false"/>
							</lines>
						</method>
						<method name="containsSymbolTerm" signature="(Lcom/github/mygreen/cellformatter/tokenizer/Token$Symbol;)Z" line-rate="1.0" branch-rate="1.0" complexity="0">
							<lines>
								<line number="98" hits="3927" branch="true" condition-coverage="100% (2/2)">
									<conditions>
										<condition number="0" type="jump" coverage="100%"/>
									</conditions>
								</line>
								<line number="99" hits="28404" branch="true" condition-coverage="100% (2/2)">
									<conditions>
										<condition number="0" type="jump" coverage="100%"/>
									</conditions>
								</line>
								<line number="100" hits="26388" branch="false"/>
								<line number="102" hits="96064" branch="true" condition-coverage="100% (2/2)">
									<conditions>
										<condition number="0" type="jump" coverage="100%"/>
									</conditions>
								</line>
								<line number="103" hits="77728" branch="true" condition-coverage="100% (2/2)">
									<conditions>
										<condition number="0" type="jump" coverage="100%"/>
									</conditions>
								</line>
								<line number="104" hits="72352" branch="true" condition-coverage="100% (2/2)">
									<conditions>
										<condition number="0" type="jump" coverage="100%"/>
									</conditions>
								</line>
								<line number="105" hits="198" branch="false"/>
								<line number="107" hits="7194" branch="false"/>
								<line number="108" hits="5376" branch="true" condition-coverage="100% (2/2)">
									<conditions>
										<condition number="0" type="jump" coverage="100%"/>
									</conditions>
								</line>
								<line number="109" hits="4257" branch="false"/>
								<line number="113" hits="9912" branch="false"/>
							</lines>
						</method>
						<method name="format" signature="(Lcom/github/mygreen/cellformatter/CommonCell;Ljava/util/Locale;)Ljava/lang/String;" line-rate="1.0" branch-rate="1.0" complexity="0">
							<lines>
								<line number="51" hits="1965" branch="false"/>
								<line number="52" hits="1965" branch="false"/>
								<line number="54" hits="1965" branch="false"/>
								<line number="55" hits="7093" branch="true" condition-coverage="100% (4/4)">
									<conditions>
										<condition number="0" type="jump" coverage="100%"/>
										<condition number="1" type="jump" coverage="100%"/>
									</conditions>
								</line>
								<line number="56" hits="5128" branch="false"/>
								<line number="57" hits="258" branch="false"/>
								<line number="58" hits="5128" branch="false"/>
								<line number="59" hits="5128" branch="true" condition-coverage="100% (4/4)">
									<conditions>
										<condition number="0" type="jump" coverage="100%"/>
										<condition number="1" type="jump" coverage="100%"/>
									</conditions>
								</line>
								<line number="60" hits="1965" branch="true" condition-coverage="100% (2/2)">
									<conditions>
										<condition number="0" type="jump" coverage="100%"/>
									</conditions>
								</line>
								<line number="61" hits="12223" branch="false"/>
								<line number="62" hits="11535" branch="false"/>
								<line number="64" hits="40248" branch="true" condition-coverage="100% (2/2)">
									<conditions>
										<condition number="0" type="jump" coverage="100%"/>
									</conditions>
								</line>
								<line number="65" hits="29992" branch="false"/>
								<line number="67" hits="1965" branch="false"/>
								<line number="68" hits="1965" branch="true" condition-coverage="100% (2/2)">
									<conditions>
										<condition number="0" type="jump" coverage="100%"/>
									</conditions>
								</line>
								<line number="69" hits="144" branch="false"/>
								<line number="70" hits="144" branch="false"/>
								<line number="71" hits="5128" branch="false"/>
								<line number="72" hits="12605" branch="true" condition-coverage="100% (2/2)">
									<conditions>
										<condition number="0" type="jump" coverage="100%"/>
									</conditions>
								</line>
								<line number="73" hits="384" branch="false"/>
								<line number="76" hits="5128" branch="false"/>
							</lines>
						</method>
						<method name="getNumberFactory" signature="()Lcom/github/mygreen/cellformatter/number/NumberFactory;" line-rate="0.5" branch-rate="1.0" complexity="0">
							<lines>
								<line number="114" hits="0" branch="false"/>
								<line number="118" hits="3930" branch="false"/>
							</lines>
						</method>
						<method name="getTerms" signature="()Ljava/util/List;" line-rate="1.0" branch-rate="1.0" complexity="0">
							<lines>
								<line number="88" hits="48414" branch="false"/>
								<line number="92" hits="128944" branch="false"/>
							</lines>
						</method>
						<method name="getType" signature="()Lcom/github/mygreen/cellformatter/FormatterType;" line-rate="1.0" branch-rate="1.0" complexity="0">
							<lines>
								<line number="38" hits="11944" branch="false"/>
							</lines>
						</method>
						<method name="isMatch" signature="(Lcom/github/mygreen/cellformatter/CommonCell;)Z" line-rate="1.0" branch-rate="1.0" complexity="0">
							<lines>
								<line number="43" hits="10144" branch="true" condition-coverage="100% (2/2)">
									<conditions>
										<condition number="0" type="jump" coverage="100%"/>
									</conditions>
								</line>
								<line number="44" hits="3024" branch="false"/>
								<line number="47" hits="7120" branch="false"/>
								<line number="48" hits="7120" branch="false"/>
							</lines>
						</method>
						<method name="setNumberFactory" signature="(Lcom/github/mygreen/cellformatter/number/NumberFactory;)V" line-rate="1.0" branch-rate="1.0" complexity="0">
							<lines>
								<line number="119" hits="3930" branch="false"/>
								<line number="122" hits="10448" branch="false"/>
								<line number="123" hits="10448" branch="false"/>
							</lines>
						</method>
					</methods>
					<lines>
						<line number="25" hits="14378" branch="false"/>
						<line number="33" hits="14378" branch="false"/>
						<line number="34" hits="14378" branch="false"/>
						<line number="38" hits="11944" branch="false"/>
						<line number="43" hits="10144" branch="true" condition-coverage="100% (2/2)">
							<conditions>
								<condition number="0" type="jump" coverage="100%"/>
							</conditions>
						</line>
						<line number="44" hits="3024" branch="false"/>
						<line number="47" hits="7120" branch="false"/>
						<line number="48" hits="7120" branch="false"/>
						<line number="51" hits="1965" branch="false"/>
						<line number="52" hits="1965" branch="false"/>
						<line number="54" hits="1965" branch="false"/>
						<line number="55" hits="7093" branch="true" condition-coverage="100% (4/4)">
							<conditions>
								<condition number="0" type="jump" coverage="100%"/>
								<condition number="1" type="jump" coverage="100%"/>
							</conditions>
						</line>
						<line number="56" hits="5128" branch="false"/>
						<line number="57" hits="258" branch="false"/>
						<line number="58" hits="5128" branch="false"/>
						<line number="59" hits="5128" branch="true" condition-coverage="100% (4/4)">
							<conditions>
								<condition number="0" type="jump" coverage="100%"/>
								<condition number="1" type="jump" coverage="100%"/>
							</conditions>
						</line>
						<line number="60" hits="1965" branch="true" condition-coverage="100% (2/2)">
							<conditions>
								<condition number="0" type="jump" coverage="100%"/>
							</conditions>
						</line>
						<line number="61" hits="12223" branch="false"/>
						<line number="62" hits="11535" branch="false"/>
						<line number="64" hits="40248" branch="true" condition-coverage="100% (2/2)">
							<conditions>
								<condition number="0" type="jump" coverage="100%"/>
							</conditions>
						</line>
						<line number="65" hits="29992" branch="false"/>
						<line number="67" hits="1965" branch="false"/>
						<line number="68" hits="1965" branch="true" condition-coverage="100% (2/2)">
							<conditions>
								<condition number="0" type="jump" coverage="100%"/>
							</conditions>
						</line>
						<line number="69" hits="144" branch="false"/>
						<line number="70" hits="144" branch="false"/>
						<line number="71" hits="5128" branch="false"/>
						<line number="72" hits="12605" branch="true" condition-coverage="100% (2/2)">
							<conditions>
								<condition number="0" type="jump" coverage="100%"/>
							</conditions>
						</line>
						<line number="73" hits="384" branch="false"/>
						<line number="76" hits="5128" branch="false"/>
						<line number="80" hits="28677" branch="false"/>
						<line number="81" hits="28677" branch="false"/>
						<line number="84" hits="76440" branch="false"/>
						<line number="85" hits="76440" branch="false"/>
						<line number="88" hits="48414" branch="false"/>
						<line number="92" hits="128944" branch="false"/>
						<line number="98" hits="3927" branch="true" condition-coverage="100% (2/2)">
							<conditions>
								<condition number="0" type="jump" coverage="100%"/>
							</conditions>
						</line>
						<line number="99" hits="28404" branch="true" condition-coverage="100% (2/2)">
							<conditions>
								<condition number="0" type="jump" coverage="100%"/>
							</conditions>
						</line>
						<line number="100" hits="26388" branch="false"/>
						<line number="102" hits="96064" branch="true" condition-coverage="100% (2/2)">
							<conditions>
								<condition number="0" type="jump" coverage="100%"/>
							</conditions>
						</line>
						<line number="103" hits="77728" branch="true" condition-coverage="100% (2/2)">
							<conditions>
[...]
						<line number="126" hits="0" branch="false"/>
						<line number="134" hits="456243" branch="false"/>
					</lines>
				</class>
				<class name="com.github.mygreen.cellformatter.tokenizer.Token$Asterisk" filename="com/github/mygreen/cellformatter/tokenizer/Token.java" line-rate="0.6666666666666666" branch-rate="1.0" complexity="1.0">
					<methods>
						<method name="&lt;init&gt;" signature="(Ljava/lang/String;)V" line-rate="1.0" branch-rate="1.0" complexity="0">
							<lines>
								<line number="235" hits="4224" branch="false"/>
								<line number="236" hits="4224" branch="false"/>
							</lines>
						</method>
						<method name="getAttachedValue" signature="()Ljava/lang/String;" line-rate="0.0" branch-rate="1.0" complexity="0">
							<lines>
								<line number="243" hits="0" branch="false"/>
							</lines>
						</method>
					</methods>
					<lines>
						<line number="235" hits="4224" branch="false"/>
						<line number="236" hits="4224" branch="false"/>
						<line number="243" hits="0" branch="false"/>
					</lines>
				</class>
				<class name="com.github.mygreen.cellformatter.tokenizer.Token$Condition" filename="com/github/mygreen/cellformatter/tokenizer/Token.java" line-rate="1.0" branch-rate="1.0" complexity="1.0">
					<methods>
						<method name="&lt;init&gt;" signature="(Ljava/lang/String;)V" line-rate="1.0" branch-rate="1.0" complexity="0">
							<lines>
								<line number="196" hits="6259" branch="false"/>
								<line number="197" hits="6259" branch="false"/>
							</lines>
						</method>
						<method name="getCondition" signature="()Ljava/lang/String;" line-rate="1.0" branch-rate="1.0" complexity="0">
							<lines>
								<line number="204" hits="11363" branch="false"/>
								<line number="205" hits="11363" branch="false"/>
							</lines>
						</method>
					</methods>
					<lines>
						<line number="196" hits="6259" branch="false"/>
						<line number="197" hits="6259" branch="false"/>
						<line number="204" hits="11363" branch="false"/>
						<line number="205" hits="11363" branch="false"/>
					</lines>
				</class>
				<class name="com.github.mygreen.cellformatter.tokenizer.Token$Digits" filename="com/github/mygreen/cellformatter/tokenizer/Token.java" line-rate="1.0" branch-rate="1.0" complexity="1.0">
					<methods>
						<method name="&lt;init&gt;" signature="(Ljava/lang/String;)V" line-rate="1.0" branch-rate="1.0" complexity="0">
							<lines>
								<line number="281" hits="462" branch="false"/>
								<line number="283" hits="462" branch="false"/>
							</lines>
						</method>
						<method name="intValue" signature="()I" line-rate="1.0" branch-rate="1.0" complexity="0">
							<lines>
								<line number="290" hits="462" branch="false"/>
							</lines>
						</method>
					</methods>
					<lines>
						<line number="281" hits="462" branch="false"/>
						<line number="283" hits="462" branch="false"/>
						<line number="290" hits="462" branch="false"/>
					</lines>
				</class>
				<class name="com.github.mygreen.cellformatter.tokenizer.Token$EscapedChar" filename="com/github/mygreen/cellformatter/tokenizer/Token.java" line-rate="1.0" branch-rate="1.0" complexity="1.0">
					<methods>
						<method name="&lt;init&gt;" signature="(Ljava/lang/String;)V" line-rate="1.0" branch-rate="1.0" complexity="0">
							<lines>
								<line number="177" hits="11561" branch="false"/>
								<line number="178" hits="11561" branch="false"/>
							</lines>
						</method>
						<method name="getChar" signature="()Ljava/lang/String;" line-rate="1.0" branch-rate="1.0" complexity="0">
							<lines>
								<line number="185" hits="17105" branch="false"/>
							</lines>
						</method>
					</methods>
					<lines>
						<line number="177" hits="11561" branch="false"/>
						<line number="178" hits="11561" branch="false"/>
						<line number="185" hits="17105" branch="false"/>
					</lines>
				</class>
				<class name="com.github.mygreen.cellformatter.tokenizer.Token$Factor" filename="com/github/mygreen/cellformatter/tokenizer/Token.java" line-rate="1.0" branch-rate="1.0" complexity="1.0">
					<methods>
						<method name="&lt;init&gt;" signature="(Ljava/lang/String;)V" line-rate="1.0" branch-rate="1.0" complexity="0">
							<lines>
								<line number="255" hits="53582" branch="false"/>
								<line number="256" hits="53582" branch="false"/>
							</lines>
						</method>
					</methods>
					<lines>
						<line number="255" hits="53582" branch="false"/>
						<line number="256" hits="53582" branch="false"/>
					</lines>
				</class>
				<class name="com.github.mygreen.cellformatter.tokenizer.Token$Formatter" filename="com/github/mygreen/cellformatter/tokenizer/Token.java" line-rate="1.0" branch-rate="1.0" complexity="1.0">
					<methods>
						<method name="&lt;init&gt;" signature="(Ljava/lang/String;)V" line-rate="1.0" branch-rate="1.0" complexity="0">
							<lines>
								<line number="268" hits="86955" branch="false"/>
								<line number="269" hits="86955" branch="false"/>
							</lines>
						</method>
					</methods>
					<lines>
						<line number="268" hits="86955" branch="false"/>
						<line number="269" hits="86955" branch="false"/>
					</lines>
				</class>
				<class name="com.github.mygreen.cellformatter.tokenizer.Token$Symbol" filename="com/github/mygreen/cellformatter/tokenizer/Token.java" line-rate="1.0" branch-rate="1.0" complexity="1.0">
					<methods>
						<method name="&lt;init&gt;" signature="(Ljava/lang/String;)V" line-rate="1.0" branch-rate="1.0" complexity="0">
							<lines>
								<line number="166" hits="66" branch="false"/>
								<line number="167" hits="66" branch="false"/>
							</lines>
						</method>
					</methods>
					<lines>
						<line number="166" hits="66" branch="false"/>
						<line number="167" hits="66" branch="false"/>
					</lines>
				</class>
				<class name="com.github.mygreen.cellformatter.tokenizer.Token$Underscore" filename="com/github/mygreen/cellformatter/tokenizer/Token.java" line-rate="0.6666666666666666" branch-rate="1.0" complexity="1.0">
					<methods>
						<method name="&lt;init&gt;" signature="(Ljava/lang/String;)V" line-rate="1.0" branch-rate="1.0" complexity="0">
							<lines>
								<line number="216" hits="11638" branch="false"/>
								<line number="217" hits="11638" branch="false"/>
							</lines>
						</method>
						<method name="getAttachedValue" signature="()Ljava/lang/String;" line-rate="0.0" branch-rate="1.0" complexity="0">
							<lines>
								<line number="224" hits="0" branch="false"/>
							</lines>
						</method>
					</methods>
					<lines>
						<line number="216" hits="11638" branch="false"/>
						<line number="217" hits="11638" branch="false"/>
						<line number="224" hits="0" branch="false"/>
					</lines>
				</class>
				<class name="com.github.mygreen.cellformatter.tokenizer.Token$Word" filename="com/github/mygreen/cellformatter/tokenizer/Token.java" line-rate="1.0" branch-rate="1.0" complexity="1.0">
					<methods>
						<method name="&lt;init&gt;" signature="(Ljava/lang/String;)V" line-rate="1.0" branch-rate="1.0" complexity="0">
							<lines>
								<line number="144" hits="12782" branch="false"/>
								<line number="145" hits="12782" branch="false"/>
							</lines>
						</method>
						<method name="getWord" signature="()Ljava/lang/String;" line-rate="1.0" branch-rate="1.0" complexity="0">
							<lines>
								<line number="152" hits="9614" branch="false"/>
								<line number="153" hits="9614" branch="false"/>
							</lines>
						</method>
					</methods>
					<lines>
						<line number="144" hits="12782" branch="false"/>
						<line number="145" hits="12782" branch="false"/>
						<line number="152" hits="9614" branch="false"/>
						<line number="153" hits="9614" branch="false"/>
					</lines>
				</class>
				<class name="com.github.mygreen.cellformatter.tokenizer.TokenStore" filename="com/github/mygreen/cellformatter/tokenizer/TokenStore.java" line-rate="0.7924528301886793" branch-rate="0.7307692307692307" complexity="2.3333333333333335">
					<methods>
						<method name="&lt;init&gt;" signature="()V" line-rate="1.0" branch-rate="1.0" complexity="0">
							<lines>
								<line number="18" hits="41746" branch="false"/>
								<line number="20" hits="41746" branch="false"/>
								<line number="22" hits="41746" branch="false"/>
							</lines>
						</method>
						<method name="add" signature="(Lcom/github/mygreen/cellformatter/tokenizer/Token;)V" line-rate="1.0" branch-rate="1.0" complexity="0">
							<lines>
								<line number="29" hits="176848" branch="false"/>
								<line number="30" hits="176848" branch="false"/>
							</lines>
						</method>
						<method name="containsAnyInFactor" signature="([Ljava/lang/String;)Z" line-rate="1.0" branch-rate="1.0" complexity="0">
							<lines>
								<line number="133" hits="14367" branch="false"/>
							</lines>
						</method>
						<method name="containsAnyInFactor" signature="([Ljava/lang/String;Z)Z" line-rate="1.0" branch-rate="1.0" complexity="0">
							<lines>
								<line number="152" hits="39579" branch="true" condition-coverage="100% (2/2)">
									<conditions>
										<condition number="0" type="jump" coverage="100%"/>
									</conditions>
								</line>
								<line number="153" hits="96394" branch="true" condition-coverage="100% (2/2)">
									<conditions>
										<condition number="0" type="jump" coverage="100%"/>
									</conditions>
								</line>
								<line number="154" hits="53955" branch="false"/>
								<line number="157" hits="42439" branch="false"/>
								<line number="158" hits="42439" branch="true" condition-coverage="100% (2/2)">
									<conditions>
										<condition number="0" type="jump" coverage="100%"/>
									</conditions>
								</line>
								<line number="159" hits="22638" branch="false"/>
								<line number="162" hits="19801" branch="false"/>
								<line number="164" hits="16941" branch="false"/>
							</lines>
						</method>
						<method name="containsAnyInFactorIgnoreCase" signature="([Ljava/lang/String;)Z" line-rate="1.0" branch-rate="1.0" complexity="0">
							<lines>
								<line number="142" hits="25212" branch="false"/>
							</lines>
						</method>
						<method name="containsInFactor" signature="(Ljava/lang/String;)Z" line-rate="1.0" branch-rate="1.0" complexity="0">
							<lines>
								<line number="92" hits="48688" branch="false"/>
							</lines>
						</method>
						<method name="containsInFactor" signature="(Ljava/lang/String;Z)Z" line-rate="0.8181818181818182" branch-rate="0.7" complexity="0">
							<lines>
								<line number="106" hits="48688" branch="true" condition-coverage="100% (2/2)">
									<conditions>
										<condition number="0" type="jump" coverage="100%"/>
									</conditions>
								</line>
								<line number="107" hits="158292" branch="true" condition-coverage="100% (2/2)">
									<conditions>
										<condition number="0" type="jump" coverage="100%"/>
									</conditions>
								</line>
								<line number="108" hits="89188" branch="false"/>
								<line number="111" hits="69104" branch="false"/>
								<line number="112" hits="69104" branch="true" condition-coverage="50% (1/2)">
									<conditions>
										<condition number="0" type="jump" coverage="50%"/>
									</conditions>
								</line>
								<line number="113" hits="0" branch="true" condition-coverage="0% (0/2)">
									<conditions>
										<condition number="0" type="jump" coverage="0%"/>
									</conditions>
								</line>
								<line number="114" hits="0" branch="false"/>
								<line number="117" hits="69104" branch="true" condition-coverage="100% (2/2)">
									<conditions>
										<condition number="0" type="jump" coverage="100%"/>
									</conditions>
								</line>
								<line number="118" hits="3708" branch="false"/>
								<line number="122" hits="65396" branch="false"/>
								<line number="124" hits="44980" branch="false"/>
							</lines>
						</method>
						<method name="containsInFactorIgnoreCase" signature="(Ljava/lang/String;)Z" line-rate="0.0" branch-rate="1.0" complexity="0">
							<lines>
								<line number="101" hits="0" branch="false"/>
							</lines>
						</method>
						<method name="getConcatenatedToken" signature="()Ljava/lang/String;" line-rate="1.0" branch-rate="1.0" complexity="0">
							<lines>
								<line number="76" hits="26148" branch="false"/>
								<line number="78" hits="26148" branch="true" condition-coverage="100% (2/2)">
									<conditions>
										<condition number="0" type="jump" coverage="100%"/>
									</conditions>
								</line>
								<line number="79" hits="83106" branch="false"/>
								<line number="80" hits="83106" branch="false"/>
								<line number="82" hits="26148" branch="false"/>
							</lines>
						</method>
						<method name="getTokens" signature="()Ljava/util/List;" line-rate="1.0" branch-rate="1.0" complexity="0">
							<lines>
								<line number="37" hits="232971" branch="false"/>
							</lines>
						</method>
						<method name="split" signature="(Lcom/github/mygreen/cellformatter/tokenizer/Token$Symbol;)Ljava/util/List;" line-rate="1.0" branch-rate="1.0" complexity="0">
							<lines>
								<line number="48" hits="15544" branch="false"/>
								<line number="50" hits="15544" branch="false"/>
								<line number="52" hits="15544" branch="false"/>
								<line number="53" hits="15544" branch="false"/>
								<line number="55" hits="15544" branch="true" condition-coverage="100% (2/2)">
									<conditions>
										<condition number="0" type="jump" coverage="100%"/>
									</conditions>
								</line>
								<line number="57" hits="93710" branch="true" condition-coverage="100% (2/2)">
									<conditions>
										<condition number="0" type="jump" coverage="100%"/>
									</conditions>
								</line>
								<line number="58" hits="10604" branch="false"/>
								<line number="59" hits="10604" branch="false"/>
								<line number="62" hits="83106" branch="false"/>
								<line number="65" hits="93710" branch="false"/>
								<line number="67" hits="15544" branch="false"/>
							</lines>
						</method>
						<method name="toString" signature="()Ljava/lang/String;" line-rate="0.0" branch-rate="0.0" complexity="0">
							<lines>
								<line number="170" hits="0" branch="false"/>
								<line number="172" hits="0" branch="false"/>
								<line number="173" hits="0" branch="true" condition-coverage="0% (0/2)">
									<conditions>
										<condition number="0" type="jump" coverage="0%"/>
									</conditions>
								</line>
								<line number="174" hits="0" branch="false"/>
								<line number="175" hits="0" branch="false"/>
								<line number="180" hits="0" branch="true" condition-coverage="0% (0/2)">
									<conditions>
										<condition number="0" type="jump" coverage="0%"/>
									</conditions>
								</line>
								<line number="181" hits="0" branch="false"/>
								<line number="186" hits="0" branch="false"/>
							</lines>
						</method>
					</methods>
					<lines>
						<line number="18" hits="41746" branch="false"/>
						<line number="20" hits="41746" branch="false"/>
						<line number="22" hits="41746" branch="false"/>
						<line number="29" hits="176848" branch="false"/>
						<line number="30" hits="176848" branch="false"/>
						<line number="37" hits="232971" branch="false"/>
						<line number="48" hits="15544" branch="false"/>
						<line number="50" hits="15544" branch="false"/>
						<line number="52" hits="15544" branch="false"/>
						<line number="53" hits="15544" branch="false"/>
						<line number="55" hits="15544" branch="true" condition-coverage="100% (2/2)">
							<conditions>
								<condition number="0" type="jump" coverage="100%"/>
							</conditions>
						</line>
						<line number="57" hits="93710" branch="true" condition-coverage="100% (2/2)">
							<conditions>
								<condition number="0" type="jump" coverage="100%"/>
							</conditions>
						</line>
						<line number="58" hits="10604" branch="false"/>
						<line number="59" hits="10604" branch="false"/>
						<line number="62" hits="83106" branch="false"/>
						<line number="65" hits="93710" branch="false"/>
						<line number="67" hits="15544" branch="false"/>
						<line number="76" hits="26148" branch="false"/>
						<line number="78" hits="26148" branch="true" condition-coverage="100% (2/2)">
							<conditions>
								<condition number="0" type="jump" coverage="100%"/>
							</conditions>
						</line>
						<line number="79" hits="83106" branch="false"/>
						<line number="80" hits="83106" branch="false"/>
						<line number="82" hits="26148" branch="false"/>
						<line number="92" hits="48688" branch="false"/>
						<line number="101" hits="0" branch="false"/>
						<line number="106" hits="48688" branch="true" condition-coverage="100% (2/2)">
							<conditions>
								<condition number="0" type="jump" coverage="100%"/>
							</conditions>
						</line>
						<line number="107" hits="158292" branch="true" condition-coverage="100% (2/2)">
							<conditions>
								<condition number="0" type="jump" coverage="100%"/>
							</conditions>
						</line>
						<line number="108" hits="89188" branch="false"/>
						<line number="111" hits="69104" branch="false"/>
						<line number="112" hits="69104" branch="true" condition-coverage="50% (1/2)">
							<conditions>
								<condition number="0" type="jump" coverage="50%"/>
							</conditions>
						</line>
						<line number="113" hits="0" branch="true" condition-coverage="0% (0/2)">
							<conditions>
								<condition number="0" type="jump" coverage="0%"/>
							</conditions>
						</line>
						<line number="114" hits="0" branch="false"/>
						<line number="117" hits="69104" branch="true" condition-coverage="100% (2/2)">
							<conditions>
								<condition number="0" type="jump" coverage="100%"/>
							</conditions>
						</line>
						<line number="118" hits="3708" branch="false"/>
						<line number="122" hits="65396" branch="false"/>
						<line number="124" hits="44980" branch="false"/>
						<line number="133" hits="14367" branch="false"/>
						<line number="142" hits="25212" branch="false"/>
						<line number="152" hits="39579" branch="true" condition-coverage="100% (2/2)">
							<conditions>
								<condition number="0" type="jump" coverage="100%"/>
							</conditions>
						</line>
						<line number="153" hits="96394" branch="true" condition-coverage="100% (2/2)">
							<conditions>
								<condition number="0" type="jump" coverage="100%"/>
							</conditions>
						</line>
						<line number="154" hits="53955" branch="false"/>
						<line number="157" hits="42439" branch="false"/>
						<line number="158" hits="42439" branch="true" condition-coverage="100% (2/2)">
							<conditions>
								<condition number="0" type="jump" coverage="100%"/>
							</conditions>
						</line>
						<line number="159" hits="22638" branch="false"/>
						<line number="162" hits="19801" branch="false"/>
						<line number="164" hits="16941" branch="false"/>
						<line number="170" hits="0" branch="false"/>
						<line number="172" hits="0" branch="false"/>
						<line number="173" hits="0" branch="true" condition-coverage="0% (0/2)">
							<conditions>
								<condition number="0" type="jump" coverage="0%"/>
							</conditions>
						</line>
						<line number="174" hits="0" branch="false"/>
						<line number="175" hits="0" branch="false"/>
						<line number="180" hits="0" branch="true" condition-coverage="0% (0/2)">
							<conditions>
								<condition number="0" type="jump" coverage="0%"/>
							</conditions>
						</line>
						<line number="181" hits="0" branch="false"/>
						<line number="186" hits="0" branch="false"/>
					</lines>
				</class>
			</classes>
		</package>
	</packages>
</coverage>
